Sep 20, 2013 2:49:34 AM com.sun.corba.se.impl.protocol.CorbaMessageMediatorImpl convertThrowableToSystemException
WARNING: "IOP00010202: (UNKNOWN) Unknown user exception thrown by the server"
org.omg.CORBA.UNKNOWN:   vmcid: SUN  minor code: 202 completed: Maybe
	at com.sun.corba.se.impl.logging.ORBUtilSystemException.runtimeexception(ORBUtilSystemException.java:8869)
	at com.sun.corba.se.impl.protocol.CorbaMessageMediatorImpl.convertThrowableToSystemException(CorbaMessageMediatorImpl.java:1938)
	at com.sun.corba.se.impl.protocol.CorbaMessageMediatorImpl.handleThrowableDuringServerDispatch(CorbaMessageMediatorImpl.java:1888)
	at com.sun.corba.se.impl.protocol.CorbaMessageMediatorImpl.handleThrowableDuringServerDispatch(CorbaMessageMediatorImpl.java:1841)
	at com.sun.corba.se.impl.protocol.CorbaServerRequestDispatcherImpl.dispatch(CorbaServerRequestDispatcherImpl.java:274)
	at com.sun.corba.se.impl.protocol.CorbaMessageMediatorImpl.handleRequestRequest(CorbaMessageMediatorImpl.java:1700)
	at com.sun.corba.se.impl.protocol.CorbaMessageMediatorImpl.handleRequest(CorbaMessageMediatorImpl.java:1558)
	at com.sun.corba.se.impl.protocol.CorbaMessageMediatorImpl.handleInput(CorbaMessageMediatorImpl.java:940)
	at com.sun.corba.se.impl.protocol.giopmsgheaders.RequestMessage_1_2.callback(RequestMessage_1_2.java:198)
	at com.sun.corba.se.impl.protocol.CorbaMessageMediatorImpl.handleRequest(CorbaMessageMediatorImpl.java:712)
	at com.sun.corba.se.impl.transport.SocketOrChannelConnectionImpl.dispatch(SocketOrChannelConnectionImpl.java:469)
	at com.sun.corba.se.impl.transport.SocketOrChannelConnectionImpl.doWork(SocketOrChannelConnectionImpl.java:1230)
	at com.sun.corba.se.impl.orbutil.threadpool.ThreadPoolImpl$WorkerThread.performWork(ThreadPoolImpl.java:490)
	at com.sun.corba.se.impl.orbutil.threadpool.ThreadPoolImpl$WorkerThread.run(ThreadPoolImpl.java:519)
Caused by: java.lang.IllegalStateException: Attempting to execute an operation on a closed EntityManager.
	at org.eclipse.persistence.internal.jpa.EntityManagerImpl.verifyOpen(EntityManagerImpl.java:1665)
	at org.eclipse.persistence.internal.jpa.EntityManagerImpl.close(EntityManagerImpl.java:1529)
	at corbaobjects.AdminImpl.deletePlayer(AdminImpl.java:146)
	at Aphorism.AdminPOA._invoke(Unknown Source)
	at com.sun.corba.se.impl.protocol.CorbaServerRequestDispatcherImpl.dispatchToServant(CorbaServerRequestDispatcherImpl.java:653)
	at com.sun.corba.se.impl.protocol.CorbaServerRequestDispatcherImpl.dispatch(CorbaServerRequestDispatcherImpl.java:205)
	... 9 more

Sep 20, 2013 2:55:18 AM com.sun.corba.se.impl.orb.ORBImpl checkShutdownState
WARNING: "IOP01600004: (BAD_INV_ORDER) ORB has shutdown"
org.omg.CORBA.BAD_INV_ORDER:   vmcid: OMG  minor code: 4  completed: No
	at com.sun.corba.se.impl.logging.OMGSystemException.badOperationAfterShutdown(OMGSystemException.java:224)
	at com.sun.corba.se.impl.logging.OMGSystemException.badOperationAfterShutdown(OMGSystemException.java:246)
	at com.sun.corba.se.impl.orb.ORBImpl.checkShutdownState(ORBImpl.java:1334)
	at com.sun.corba.se.impl.orb.ORBImpl.peekInvocationInfo(ORBImpl.java:1532)
	at com.sun.corba.se.impl.protocol.CorbaMessageMediatorImpl.runServantPostInvoke(CorbaMessageMediatorImpl.java:2252)
	at com.sun.corba.se.impl.protocol.CorbaMessageMediatorImpl.createResponseHelper(CorbaMessageMediatorImpl.java:2190)
	at com.sun.corba.se.impl.protocol.CorbaMessageMediatorImpl.createResponseHelper(CorbaMessageMediatorImpl.java:2166)
	at com.sun.corba.se.impl.protocol.CorbaMessageMediatorImpl.createResponse(CorbaMessageMediatorImpl.java:2014)
	at com.sun.corba.se.impl.protocol.CorbaMessageMediatorImpl.createReply(CorbaMessageMediatorImpl.java:623)
	at Aphorism.AdminPOA._invoke(Unknown Source)
	at com.sun.corba.se.impl.protocol.CorbaServerRequestDispatcherImpl.dispatchToServant(CorbaServerRequestDispatcherImpl.java:653)
	at com.sun.corba.se.impl.protocol.CorbaServerRequestDispatcherImpl.dispatch(CorbaServerRequestDispatcherImpl.java:205)
	at com.sun.corba.se.impl.protocol.CorbaMessageMediatorImpl.handleRequestRequest(CorbaMessageMediatorImpl.java:1700)
	at com.sun.corba.se.impl.protocol.CorbaMessageMediatorImpl.handleRequest(CorbaMessageMediatorImpl.java:1558)
	at com.sun.corba.se.impl.protocol.CorbaMessageMediatorImpl.handleInput(CorbaMessageMediatorImpl.java:940)
	at com.sun.corba.se.impl.protocol.giopmsgheaders.RequestMessage_1_2.callback(RequestMessage_1_2.java:198)
	at com.sun.corba.se.impl.protocol.CorbaMessageMediatorImpl.handleRequest(CorbaMessageMediatorImpl.java:712)
	at com.sun.corba.se.impl.transport.SocketOrChannelConnectionImpl.dispatch(SocketOrChannelConnectionImpl.java:469)
	at com.sun.corba.se.impl.transport.SocketOrChannelConnectionImpl.doWork(SocketOrChannelConnectionImpl.java:1230)
	at com.sun.corba.se.impl.orbutil.threadpool.ThreadPoolImpl$WorkerThread.performWork(ThreadPoolImpl.java:490)
	at com.sun.corba.se.impl.orbutil.threadpool.ThreadPoolImpl$WorkerThread.run(ThreadPoolImpl.java:519)

Sep 20, 2013 2:55:18 AM com.sun.corba.se.impl.orb.ORBImpl checkShutdownState
WARNING: "IOP01600004: (BAD_INV_ORDER) ORB has shutdown"
org.omg.CORBA.BAD_INV_ORDER:   vmcid: OMG  minor code: 4  completed: No
	at com.sun.corba.se.impl.logging.OMGSystemException.badOperationAfterShutdown(OMGSystemException.java:224)
	at com.sun.corba.se.impl.logging.OMGSystemException.badOperationAfterShutdown(OMGSystemException.java:246)
	at com.sun.corba.se.impl.orb.ORBImpl.checkShutdownState(ORBImpl.java:1334)
	at com.sun.corba.se.spi.orb.ORB.getByteBufferPool(ORB.java:537)
	at com.sun.corba.se.impl.encoding.ByteBufferWithInfo.growBuffer(ByteBufferWithInfo.java:200)
	at com.sun.corba.se.impl.encoding.BufferManagerWriteGrow.overflow(BufferManagerWriteGrow.java:60)
	at com.sun.corba.se.impl.encoding.CDROutputStream_1_2.grow(CDROutputStream_1_2.java:229)
	at com.sun.corba.se.impl.encoding.CDROutputStream_1_2.alignAndReserve(CDROutputStream_1_2.java:200)
	at com.sun.corba.se.impl.encoding.CDROutputStream_1_0.internalWriteOctetArray(CDROutputStream_1_0.java:553)
	at com.sun.corba.se.impl.encoding.CDROutputStream_1_2.write_wstring(CDROutputStream_1_2.java:355)
	at com.sun.corba.se.impl.encoding.CDROutputStream.write_wstring(CDROutputStream.java:174)
	at com.sun.corba.se.impl.protocol.CorbaMessageMediatorImpl.addExceptionDetailMessage(CorbaMessageMediatorImpl.java:2131)
	at com.sun.corba.se.impl.protocol.CorbaMessageMediatorImpl.createSystemExceptionResponse(CorbaMessageMediatorImpl.java:2105)
	at com.sun.corba.se.impl.protocol.CorbaMessageMediatorImpl.handleThrowableDuringServerDispatch(CorbaMessageMediatorImpl.java:1891)
	at com.sun.corba.se.impl.protocol.CorbaMessageMediatorImpl.handleThrowableDuringServerDispatch(CorbaMessageMediatorImpl.java:1841)
	at com.sun.corba.se.impl.protocol.CorbaServerRequestDispatcherImpl.dispatch(CorbaServerRequestDispatcherImpl.java:274)
	at com.sun.corba.se.impl.protocol.CorbaMessageMediatorImpl.handleRequestRequest(CorbaMessageMediatorImpl.java:1700)
	at com.sun.corba.se.impl.protocol.CorbaMessageMediatorImpl.handleRequest(CorbaMessageMediatorImpl.java:1558)
	at com.sun.corba.se.impl.protocol.CorbaMessageMediatorImpl.handleInput(CorbaMessageMediatorImpl.java:940)
	at com.sun.corba.se.impl.protocol.giopmsgheaders.RequestMessage_1_2.callback(RequestMessage_1_2.java:198)
	at com.sun.corba.se.impl.protocol.CorbaMessageMediatorImpl.handleRequest(CorbaMessageMediatorImpl.java:712)
	at com.sun.corba.se.impl.transport.SocketOrChannelConnectionImpl.dispatch(SocketOrChannelConnectionImpl.java:469)
	at com.sun.corba.se.impl.transport.SocketOrChannelConnectionImpl.doWork(SocketOrChannelConnectionImpl.java:1230)
	at com.sun.corba.se.impl.orbutil.threadpool.ThreadPoolImpl$WorkerThread.performWork(ThreadPoolImpl.java:490)
	at com.sun.corba.se.impl.orbutil.threadpool.ThreadPoolImpl$WorkerThread.run(ThreadPoolImpl.java:519)

Sep 20, 2013 2:55:18 AM com.sun.corba.se.impl.orb.ORBImpl checkShutdownState
WARNING: "IOP01600004: (BAD_INV_ORDER) ORB has shutdown"
org.omg.CORBA.BAD_INV_ORDER:   vmcid: OMG  minor code: 4  completed: No
	at com.sun.corba.se.impl.logging.OMGSystemException.badOperationAfterShutdown(OMGSystemException.java:224)
	at com.sun.corba.se.impl.logging.OMGSystemException.badOperationAfterShutdown(OMGSystemException.java:246)
	at com.sun.corba.se.impl.orb.ORBImpl.checkShutdownState(ORBImpl.java:1334)
	at com.sun.corba.se.spi.orb.ORB.getByteBufferPool(ORB.java:537)
	at com.sun.corba.se.impl.encoding.ByteBufferWithInfo.growBuffer(ByteBufferWithInfo.java:200)
	at com.sun.corba.se.impl.encoding.BufferManagerWriteGrow.overflow(BufferManagerWriteGrow.java:60)
	at com.sun.corba.se.impl.encoding.CDROutputStream_1_2.grow(CDROutputStream_1_2.java:229)
	at com.sun.corba.se.impl.encoding.CDROutputStream_1_2.alignAndReserve(CDROutputStream_1_2.java:200)
	at com.sun.corba.se.impl.encoding.CDROutputStream_1_0.internalWriteOctetArray(CDROutputStream_1_0.java:553)
	at com.sun.corba.se.impl.encoding.CDROutputStream_1_2.write_wstring(CDROutputStream_1_2.java:355)
	at com.sun.corba.se.impl.encoding.CDROutputStream.write_wstring(CDROutputStream.java:174)
	at com.sun.corba.se.impl.protocol.CorbaMessageMediatorImpl.addExceptionDetailMessage(CorbaMessageMediatorImpl.java:2131)
	at com.sun.corba.se.impl.protocol.CorbaMessageMediatorImpl.createSystemExceptionResponse(CorbaMessageMediatorImpl.java:2105)
	at com.sun.corba.se.impl.protocol.CorbaMessageMediatorImpl.handleThrowableDuringServerDispatch(CorbaMessageMediatorImpl.java:1891)
	at com.sun.corba.se.impl.protocol.CorbaMessageMediatorImpl.handleThrowableDuringServerDispatch(CorbaMessageMediatorImpl.java:1900)
	at com.sun.corba.se.impl.protocol.CorbaMessageMediatorImpl.handleThrowableDuringServerDispatch(CorbaMessageMediatorImpl.java:1841)
	at com.sun.corba.se.impl.protocol.CorbaServerRequestDispatcherImpl.dispatch(CorbaServerRequestDispatcherImpl.java:274)
	at com.sun.corba.se.impl.protocol.CorbaMessageMediatorImpl.handleRequestRequest(CorbaMessageMediatorImpl.java:1700)
	at com.sun.corba.se.impl.protocol.CorbaMessageMediatorImpl.handleRequest(CorbaMessageMediatorImpl.java:1558)
	at com.sun.corba.se.impl.protocol.CorbaMessageMediatorImpl.handleInput(CorbaMessageMediatorImpl.java:940)
	at com.sun.corba.se.impl.protocol.giopmsgheaders.RequestMessage_1_2.callback(RequestMessage_1_2.java:198)
	at com.sun.corba.se.impl.protocol.CorbaMessageMediatorImpl.handleRequest(CorbaMessageMediatorImpl.java:712)
	at com.sun.corba.se.impl.transport.SocketOrChannelConnectionImpl.dispatch(SocketOrChannelConnectionImpl.java:469)
	at com.sun.corba.se.impl.transport.SocketOrChannelConnectionImpl.doWork(SocketOrChannelConnectionImpl.java:1230)
	at com.sun.corba.se.impl.orbutil.threadpool.ThreadPoolImpl$WorkerThread.performWork(ThreadPoolImpl.java:490)
	at com.sun.corba.se.impl.orbutil.threadpool.ThreadPoolImpl$WorkerThread.run(ThreadPoolImpl.java:519)

Sep 20, 2013 2:55:18 AM com.sun.corba.se.impl.orb.ORBImpl checkShutdownState
WARNING: "IOP01600004: (BAD_INV_ORDER) ORB has shutdown"
org.omg.CORBA.BAD_INV_ORDER:   vmcid: OMG  minor code: 4  completed: No
	at com.sun.corba.se.impl.logging.OMGSystemException.badOperationAfterShutdown(OMGSystemException.java:224)
	at com.sun.corba.se.impl.logging.OMGSystemException.badOperationAfterShutdown(OMGSystemException.java:246)
	at com.sun.corba.se.impl.orb.ORBImpl.checkShutdownState(ORBImpl.java:1334)
	at com.sun.corba.se.spi.orb.ORB.getByteBufferPool(ORB.java:537)
	at com.sun.corba.se.impl.encoding.ByteBufferWithInfo.growBuffer(ByteBufferWithInfo.java:200)
	at com.sun.corba.se.impl.encoding.BufferManagerWriteGrow.overflow(BufferManagerWriteGrow.java:60)
	at com.sun.corba.se.impl.encoding.CDROutputStream_1_2.grow(CDROutputStream_1_2.java:229)
	at com.sun.corba.se.impl.encoding.CDROutputStream_1_2.alignAndReserve(CDROutputStream_1_2.java:200)
	at com.sun.corba.se.impl.encoding.CDROutputStream_1_0.internalWriteOctetArray(CDROutputStream_1_0.java:553)
	at com.sun.corba.se.impl.encoding.CDROutputStream_1_2.write_wstring(CDROutputStream_1_2.java:355)
	at com.sun.corba.se.impl.encoding.CDROutputStream.write_wstring(CDROutputStream.java:174)
	at com.sun.corba.se.impl.protocol.CorbaMessageMediatorImpl.addExceptionDetailMessage(CorbaMessageMediatorImpl.java:2131)
	at com.sun.corba.se.impl.protocol.CorbaMessageMediatorImpl.createSystemExceptionResponse(CorbaMessageMediatorImpl.java:2105)
	at com.sun.corba.se.impl.protocol.CorbaMessageMediatorImpl.handleThrowableDuringServerDispatch(CorbaMessageMediatorImpl.java:1891)
	at com.sun.corba.se.impl.protocol.CorbaMessageMediatorImpl.handleThrowableDuringServerDispatch(CorbaMessageMediatorImpl.java:1900)
	at com.sun.corba.se.impl.protocol.CorbaMessageMediatorImpl.handleThrowableDuringServerDispatch(CorbaMessageMediatorImpl.java:1900)
	at com.sun.corba.se.impl.protocol.CorbaMessageMediatorImpl.handleThrowableDuringServerDispatch(CorbaMessageMediatorImpl.java:1841)
	at com.sun.corba.se.impl.protocol.CorbaServerRequestDispatcherImpl.dispatch(CorbaServerRequestDispatcherImpl.java:274)
	at com.sun.corba.se.impl.protocol.CorbaMessageMediatorImpl.handleRequestRequest(CorbaMessageMediatorImpl.java:1700)
	at com.sun.corba.se.impl.protocol.CorbaMessageMediatorImpl.handleRequest(CorbaMessageMediatorImpl.java:1558)
	at com.sun.corba.se.impl.protocol.CorbaMessageMediatorImpl.handleInput(CorbaMessageMediatorImpl.java:940)
	at com.sun.corba.se.impl.protocol.giopmsgheaders.RequestMessage_1_2.callback(RequestMessage_1_2.java:198)
	at com.sun.corba.se.impl.protocol.CorbaMessageMediatorImpl.handleRequest(CorbaMessageMediatorImpl.java:712)
	at com.sun.corba.se.impl.transport.SocketOrChannelConnectionImpl.dispatch(SocketOrChannelConnectionImpl.java:469)
	at com.sun.corba.se.impl.transport.SocketOrChannelConnectionImpl.doWork(SocketOrChannelConnectionImpl.java:1230)
	at com.sun.corba.se.impl.orbutil.threadpool.ThreadPoolImpl$WorkerThread.performWork(ThreadPoolImpl.java:490)
	at com.sun.corba.se.impl.orbutil.threadpool.ThreadPoolImpl$WorkerThread.run(ThreadPoolImpl.java:519)

Sep 20, 2013 2:55:18 AM com.sun.corba.se.impl.orb.ORBImpl checkShutdownState
WARNING: "IOP01600004: (BAD_INV_ORDER) ORB has shutdown"
org.omg.CORBA.BAD_INV_ORDER:   vmcid: OMG  minor code: 4  completed: No
	at com.sun.corba.se.impl.logging.OMGSystemException.badOperationAfterShutdown(OMGSystemException.java:224)
	at com.sun.corba.se.impl.logging.OMGSystemException.badOperationAfterShutdown(OMGSystemException.java:246)
	at com.sun.corba.se.impl.orb.ORBImpl.checkShutdownState(ORBImpl.java:1334)
	at com.sun.corba.se.spi.orb.ORB.getByteBufferPool(ORB.java:537)
	at com.sun.corba.se.impl.encoding.ByteBufferWithInfo.growBuffer(ByteBufferWithInfo.java:200)
	at com.sun.corba.se.impl.encoding.BufferManagerWriteGrow.overflow(BufferManagerWriteGrow.java:60)
	at com.sun.corba.se.impl.encoding.CDROutputStream_1_2.grow(CDROutputStream_1_2.java:229)
	at com.sun.corba.se.impl.encoding.CDROutputStream_1_2.alignAndReserve(CDROutputStream_1_2.java:200)
	at com.sun.corba.se.impl.encoding.CDROutputStream_1_0.internalWriteOctetArray(CDROutputStream_1_0.java:553)
	at com.sun.corba.se.impl.encoding.CDROutputStream_1_2.write_wstring(CDROutputStream_1_2.java:355)
	at com.sun.corba.se.impl.encoding.CDROutputStream.write_wstring(CDROutputStream.java:174)
	at com.sun.corba.se.impl.protocol.CorbaMessageMediatorImpl.addExceptionDetailMessage(CorbaMessageMediatorImpl.java:2131)
	at com.sun.corba.se.impl.protocol.CorbaMessageMediatorImpl.createSystemExceptionResponse(CorbaMessageMediatorImpl.java:2105)
	at com.sun.corba.se.impl.protocol.CorbaMessageMediatorImpl.handleThrowableDuringServerDispatch(CorbaMessageMediatorImpl.java:1891)
	at com.sun.corba.se.impl.protocol.CorbaMessageMediatorImpl.handleThrowableDuringServerDispatch(CorbaMessageMediatorImpl.java:1900)
	at com.sun.corba.se.impl.protocol.CorbaMessageMediatorImpl.handleThrowableDuringServerDispatch(CorbaMessageMediatorImpl.java:1900)
	at com.sun.corba.se.impl.protocol.CorbaMessageMediatorImpl.handleThrowableDuringServerDispatch(CorbaMessageMediatorImpl.java:1900)
	at com.sun.corba.se.impl.protocol.CorbaMessageMediatorImpl.handleThrowableDuringServerDispatch(CorbaMessageMediatorImpl.java:1841)
	at com.sun.corba.se.impl.protocol.CorbaServerRequestDispatcherImpl.dispatch(CorbaServerRequestDispatcherImpl.java:274)
	at com.sun.corba.se.impl.protocol.CorbaMessageMediatorImpl.handleRequestRequest(CorbaMessageMediatorImpl.java:1700)
	at com.sun.corba.se.impl.protocol.CorbaMessageMediatorImpl.handleRequest(CorbaMessageMediatorImpl.java:1558)
	at com.sun.corba.se.impl.protocol.CorbaMessageMediatorImpl.handleInput(CorbaMessageMediatorImpl.java:940)
	at com.sun.corba.se.impl.protocol.giopmsgheaders.RequestMessage_1_2.callback(RequestMessage_1_2.java:198)
	at com.sun.corba.se.impl.protocol.CorbaMessageMediatorImpl.handleRequest(CorbaMessageMediatorImpl.java:712)
	at com.sun.corba.se.impl.transport.SocketOrChannelConnectionImpl.dispatch(SocketOrChannelConnectionImpl.java:469)
	at com.sun.corba.se.impl.transport.SocketOrChannelConnectionImpl.doWork(SocketOrChannelConnectionImpl.java:1230)
	at com.sun.corba.se.impl.orbutil.threadpool.ThreadPoolImpl$WorkerThread.performWork(ThreadPoolImpl.java:490)
	at com.sun.corba.se.impl.orbutil.threadpool.ThreadPoolImpl$WorkerThread.run(ThreadPoolImpl.java:519)

Sep 20, 2013 2:55:18 AM com.sun.corba.se.impl.orb.ORBImpl checkShutdownState
WARNING: "IOP01600004: (BAD_INV_ORDER) ORB has shutdown"
org.omg.CORBA.BAD_INV_ORDER:   vmcid: OMG  minor code: 4  completed: No
	at com.sun.corba.se.impl.logging.OMGSystemException.badOperationAfterShutdown(OMGSystemException.java:224)
	at com.sun.corba.se.impl.logging.OMGSystemException.badOperationAfterShutdown(OMGSystemException.java:246)
	at com.sun.corba.se.impl.orb.ORBImpl.checkShutdownState(ORBImpl.java:1334)
	at com.sun.corba.se.spi.orb.ORB.getByteBufferPool(ORB.java:537)
	at com.sun.corba.se.impl.encoding.ByteBufferWithInfo.growBuffer(ByteBufferWithInfo.java:200)
	at com.sun.corba.se.impl.encoding.BufferManagerWriteGrow.overflow(BufferManagerWriteGrow.java:60)
	at com.sun.corba.se.impl.encoding.CDROutputStream_1_2.grow(CDROutputStream_1_2.java:229)
	at com.sun.corba.se.impl.encoding.CDROutputStream_1_2.alignAndReserve(CDROutputStream_1_2.java:200)
	at com.sun.corba.se.impl.encoding.CDROutputStream_1_0.internalWriteOctetArray(CDROutputStream_1_0.java:553)
	at com.sun.corba.se.impl.encoding.CDROutputStream_1_2.write_wstring(CDROutputStream_1_2.java:355)
	at com.sun.corba.se.impl.encoding.CDROutputStream.write_wstring(CDROutputStream.java:174)
	at com.sun.corba.se.impl.protocol.CorbaMessageMediatorImpl.addExceptionDetailMessage(CorbaMessageMediatorImpl.java:2131)
	at com.sun.corba.se.impl.protocol.CorbaMessageMediatorImpl.createSystemExceptionResponse(CorbaMessageMediatorImpl.java:2105)
	at com.sun.corba.se.impl.protocol.CorbaMessageMediatorImpl.handleThrowableDuringServerDispatch(CorbaMessageMediatorImpl.java:1891)
	at com.sun.corba.se.impl.protocol.CorbaMessageMediatorImpl.handleThrowableDuringServerDispatch(CorbaMessageMediatorImpl.java:1900)
	at com.sun.corba.se.impl.protocol.CorbaMessageMediatorImpl.handleThrowableDuringServerDispatch(CorbaMessageMediatorImpl.java:1900)
	at com.sun.corba.se.impl.protocol.CorbaMessageMediatorImpl.handleThrowableDuringServerDispatch(CorbaMessageMediatorImpl.java:1900)
	at com.sun.corba.se.impl.protocol.CorbaMessageMediatorImpl.handleThrowableDuringServerDispatch(CorbaMessageMediatorImpl.java:1900)
	at com.sun.corba.se.impl.protocol.CorbaMessageMediatorImpl.handleThrowableDuringServerDispatch(CorbaMessageMediatorImpl.java:1841)
	at com.sun.corba.se.impl.protocol.CorbaServerRequestDispatcherImpl.dispatch(CorbaServerRequestDispatcherImpl.java:274)
	at com.sun.corba.se.impl.protocol.CorbaMessageMediatorImpl.handleRequestRequest(CorbaMessageMediatorImpl.java:1700)
	at com.sun.corba.se.impl.protocol.CorbaMessageMediatorImpl.handleRequest(CorbaMessageMediatorImpl.java:1558)
	at com.sun.corba.se.impl.protocol.CorbaMessageMediatorImpl.handleInput(CorbaMessageMediatorImpl.java:940)
	at com.sun.corba.se.impl.protocol.giopmsgheaders.RequestMessage_1_2.callback(RequestMessage_1_2.java:198)
	at com.sun.corba.se.impl.protocol.CorbaMessageMediatorImpl.handleRequest(CorbaMessageMediatorImpl.java:712)
	at com.sun.corba.se.impl.transport.SocketOrChannelConnectionImpl.dispatch(SocketOrChannelConnectionImpl.java:469)
	at com.sun.corba.se.impl.transport.SocketOrChannelConnectionImpl.doWork(SocketOrChannelConnectionImpl.java:1230)
	at com.sun.corba.se.impl.orbutil.threadpool.ThreadPoolImpl$WorkerThread.performWork(ThreadPoolImpl.java:490)
	at com.sun.corba.se.impl.orbutil.threadpool.ThreadPoolImpl$WorkerThread.run(ThreadPoolImpl.java:519)

Sep 20, 2013 2:55:18 AM com.sun.corba.se.impl.orb.ORBImpl checkShutdownState
WARNING: "IOP01600004: (BAD_INV_ORDER) ORB has shutdown"
org.omg.CORBA.BAD_INV_ORDER:   vmcid: OMG  minor code: 4  completed: No
	at com.sun.corba.se.impl.logging.OMGSystemException.badOperationAfterShutdown(OMGSystemException.java:224)
	at com.sun.corba.se.impl.logging.OMGSystemException.badOperationAfterShutdown(OMGSystemException.java:246)
	at com.sun.corba.se.impl.orb.ORBImpl.checkShutdownState(ORBImpl.java:1334)
	at com.sun.corba.se.spi.orb.ORB.getByteBufferPool(ORB.java:537)
	at com.sun.corba.se.impl.encoding.ByteBufferWithInfo.growBuffer(ByteBufferWithInfo.java:200)
	at com.sun.corba.se.impl.encoding.BufferManagerWriteGrow.overflow(BufferManagerWriteGrow.java:60)
	at com.sun.corba.se.impl.encoding.CDROutputStream_1_2.grow(CDROutputStream_1_2.java:229)
	at com.sun.corba.se.impl.encoding.CDROutputStream_1_2.alignAndReserve(CDROutputStream_1_2.java:200)
	at com.sun.corba.se.impl.encoding.CDROutputStream_1_0.internalWriteOctetArray(CDROutputStream_1_0.java:553)
	at com.sun.corba.se.impl.encoding.CDROutputStream_1_2.write_wstring(CDROutputStream_1_2.java:355)
	at com.sun.corba.se.impl.encoding.CDROutputStream.write_wstring(CDROutputStream.java:174)
	at com.sun.corba.se.impl.protocol.CorbaMessageMediatorImpl.addExceptionDetailMessage(CorbaMessageMediatorImpl.java:2131)
	at com.sun.corba.se.impl.protocol.CorbaMessageMediatorImpl.createSystemExceptionResponse(CorbaMessageMediatorImpl.java:2105)
	at com.sun.corba.se.impl.protocol.CorbaMessageMediatorImpl.handleThrowableDuringServerDispatch(CorbaMessageMediatorImpl.java:1891)
	at com.sun.corba.se.impl.protocol.CorbaMessageMediatorImpl.handleThrowableDuringServerDispatch(CorbaMessageMediatorImpl.java:1900)
	at com.sun.corba.se.impl.protocol.CorbaMessageMediatorImpl.handleThrowableDuringServerDispatch(CorbaMessageMediatorImpl.java:1900)
	at com.sun.corba.se.impl.protocol.CorbaMessageMediatorImpl.handleThrowableDuringServerDispatch(CorbaMessageMediatorImpl.java:1900)
	at com.sun.corba.se.impl.protocol.CorbaMessageMediatorImpl.handleThrowableDuringServerDispatch(CorbaMessageMediatorImpl.java:1900)
	at com.sun.corba.se.impl.protocol.CorbaMessageMediatorImpl.handleThrowableDuringServerDispatch(CorbaMessageMediatorImpl.java:1900)
	at com.sun.corba.se.impl.protocol.CorbaMessageMediatorImpl.handleThrowableDuringServerDispatch(CorbaMessageMediatorImpl.java:1841)
	at com.sun.corba.se.impl.protocol.CorbaServerRequestDispatcherImpl.dispatch(CorbaServerRequestDispatcherImpl.java:274)
	at com.sun.corba.se.impl.protocol.CorbaMessageMediatorImpl.handleRequestRequest(CorbaMessageMediatorImpl.java:1700)
	at com.sun.corba.se.impl.protocol.CorbaMessageMediatorImpl.handleRequest(CorbaMessageMediatorImpl.java:1558)
	at com.sun.corba.se.impl.protocol.CorbaMessageMediatorImpl.handleInput(CorbaMessageMediatorImpl.java:940)
	at com.sun.corba.se.impl.protocol.giopmsgheaders.RequestMessage_1_2.callback(RequestMessage_1_2.java:198)
	at com.sun.corba.se.impl.protocol.CorbaMessageMediatorImpl.handleRequest(CorbaMessageMediatorImpl.java:712)
	at com.sun.corba.se.impl.transport.SocketOrChannelConnectionImpl.dispatch(SocketOrChannelConnectionImpl.java:469)
	at com.sun.corba.se.impl.transport.SocketOrChannelConnectionImpl.doWork(SocketOrChannelConnectionImpl.java:1230)
	at com.sun.corba.se.impl.orbutil.threadpool.ThreadPoolImpl$WorkerThread.performWork(ThreadPoolImpl.java:490)
	at com.sun.corba.se.impl.orbutil.threadpool.ThreadPoolImpl$WorkerThread.run(ThreadPoolImpl.java:519)

Sep 20, 2013 2:55:18 AM com.sun.corba.se.impl.orb.ORBImpl checkShutdownState
WARNING: "IOP01600004: (BAD_INV_ORDER) ORB has shutdown"
org.omg.CORBA.BAD_INV_ORDER:   vmcid: OMG  minor code: 4  completed: No
	at com.sun.corba.se.impl.logging.OMGSystemException.badOperationAfterShutdown(OMGSystemException.java:224)
	at com.sun.corba.se.impl.logging.OMGSystemException.badOperationAfterShutdown(OMGSystemException.java:246)
	at com.sun.corba.se.impl.orb.ORBImpl.checkShutdownState(ORBImpl.java:1334)
	at com.sun.corba.se.spi.orb.ORB.getByteBufferPool(ORB.java:537)
	at com.sun.corba.se.impl.encoding.ByteBufferWithInfo.growBuffer(ByteBufferWithInfo.java:200)
	at com.sun.corba.se.impl.encoding.BufferManagerWriteGrow.overflow(BufferManagerWriteGrow.java:60)
	at com.sun.corba.se.impl.encoding.CDROutputStream_1_2.grow(CDROutputStream_1_2.java:229)
	at com.sun.corba.se.impl.encoding.CDROutputStream_1_2.alignAndReserve(CDROutputStream_1_2.java:200)
	at com.sun.corba.se.impl.encoding.CDROutputStream_1_0.internalWriteOctetArray(CDROutputStream_1_0.java:553)
	at com.sun.corba.se.impl.encoding.CDROutputStream_1_2.write_wstring(CDROutputStream_1_2.java:355)
	at com.sun.corba.se.impl.encoding.CDROutputStream.write_wstring(CDROutputStream.java:174)
	at com.sun.corba.se.impl.protocol.CorbaMessageMediatorImpl.addExceptionDetailMessage(CorbaMessageMediatorImpl.java:2131)
	at com.sun.corba.se.impl.protocol.CorbaMessageMediatorImpl.createSystemExceptionResponse(CorbaMessageMediatorImpl.java:2105)
	at com.sun.corba.se.impl.protocol.CorbaMessageMediatorImpl.handleThrowableDuringServerDispatch(CorbaMessageMediatorImpl.java:1891)
	at com.sun.corba.se.impl.protocol.CorbaMessageMediatorImpl.handleThrowableDuringServerDispatch(CorbaMessageMediatorImpl.java:1900)
	at com.sun.corba.se.impl.protocol.CorbaMessageMediatorImpl.handleThrowableDuringServerDispatch(CorbaMessageMediatorImpl.java:1900)
	at com.sun.corba.se.impl.protocol.CorbaMessageMediatorImpl.handleThrowableDuringServerDispatch(CorbaMessageMediatorImpl.java:1900)
	at com.sun.corba.se.impl.protocol.CorbaMessageMediatorImpl.handleThrowableDuringServerDispatch(CorbaMessageMediatorImpl.java:1900)
	at com.sun.corba.se.impl.protocol.CorbaMessageMediatorImpl.handleThrowableDuringServerDispatch(CorbaMessageMediatorImpl.java:1900)
	at com.sun.corba.se.impl.protocol.CorbaMessageMediatorImpl.handleThrowableDuringServerDispatch(CorbaMessageMediatorImpl.java:1900)
	at com.sun.corba.se.impl.protocol.CorbaMessageMediatorImpl.handleThrowableDuringServerDispatch(CorbaMessageMediatorImpl.java:1841)
	at com.sun.corba.se.impl.protocol.CorbaServerRequestDispatcherImpl.dispatch(CorbaServerRequestDispatcherImpl.java:274)
	at com.sun.corba.se.impl.protocol.CorbaMessageMediatorImpl.handleRequestRequest(CorbaMessageMediatorImpl.java:1700)
	at com.sun.corba.se.impl.protocol.CorbaMessageMediatorImpl.handleRequest(CorbaMessageMediatorImpl.java:1558)
	at com.sun.corba.se.impl.protocol.CorbaMessageMediatorImpl.handleInput(CorbaMessageMediatorImpl.java:940)
	at com.sun.corba.se.impl.protocol.giopmsgheaders.RequestMessage_1_2.callback(RequestMessage_1_2.java:198)
	at com.sun.corba.se.impl.protocol.CorbaMessageMediatorImpl.handleRequest(CorbaMessageMediatorImpl.java:712)
	at com.sun.corba.se.impl.transport.SocketOrChannelConnectionImpl.dispatch(SocketOrChannelConnectionImpl.java:469)
	at com.sun.corba.se.impl.transport.SocketOrChannelConnectionImpl.doWork(SocketOrChannelConnectionImpl.java:1230)
	at com.sun.corba.se.impl.orbutil.threadpool.ThreadPoolImpl$WorkerThread.performWork(ThreadPoolImpl.java:490)
	at com.sun.corba.se.impl.orbutil.threadpool.ThreadPoolImpl$WorkerThread.run(ThreadPoolImpl.java:519)

Sep 20, 2013 2:55:18 AM com.sun.corba.se.impl.orb.ORBImpl checkShutdownState
WARNING: "IOP01600004: (BAD_INV_ORDER) ORB has shutdown"
org.omg.CORBA.BAD_INV_ORDER:   vmcid: OMG  minor code: 4  completed: No
	at com.sun.corba.se.impl.logging.OMGSystemException.badOperationAfterShutdown(OMGSystemException.java:224)
	at com.sun.corba.se.impl.logging.OMGSystemException.badOperationAfterShutdown(OMGSystemException.java:246)
	at com.sun.corba.se.impl.orb.ORBImpl.checkShutdownState(ORBImpl.java:1334)
	at com.sun.corba.se.spi.orb.ORB.getByteBufferPool(ORB.java:537)
	at com.sun.corba.se.impl.encoding.ByteBufferWithInfo.growBuffer(ByteBufferWithInfo.java:200)
	at com.sun.corba.se.impl.encoding.BufferManagerWriteGrow.overflow(BufferManagerWriteGrow.java:60)
	at com.sun.corba.se.impl.encoding.CDROutputStream_1_2.grow(CDROutputStream_1_2.java:229)
	at com.sun.corba.se.impl.encoding.CDROutputStream_1_2.alignAndReserve(CDROutputStream_1_2.java:200)
	at com.sun.corba.se.impl.encoding.CDROutputStream_1_0.internalWriteOctetArray(CDROutputStream_1_0.java:553)
	at com.sun.corba.se.impl.encoding.CDROutputStream_1_2.write_wstring(CDROutputStream_1_2.java:355)
	at com.sun.corba.se.impl.encoding.CDROutputStream.write_wstring(CDROutputStream.java:174)
	at com.sun.corba.se.impl.protocol.CorbaMessageMediatorImpl.addExceptionDetailMessage(CorbaMessageMediatorImpl.java:2131)
	at com.sun.corba.se.impl.protocol.CorbaMessageMediatorImpl.createSystemExceptionResponse(CorbaMessageMediatorImpl.java:2105)
	at com.sun.corba.se.impl.protocol.CorbaMessageMediatorImpl.handleThrowableDuringServerDispatch(CorbaMessageMediatorImpl.java:1891)
	at com.sun.corba.se.impl.protocol.CorbaMessageMediatorImpl.handleThrowableDuringServerDispatch(CorbaMessageMediatorImpl.java:1900)
	at com.sun.corba.se.impl.protocol.CorbaMessageMediatorImpl.handleThrowableDuringServerDispatch(CorbaMessageMediatorImpl.java:1900)
	at com.sun.corba.se.impl.protocol.CorbaMessageMediatorImpl.handleThrowableDuringServerDispatch(CorbaMessageMediatorImpl.java:1900)
	at com.sun.corba.se.impl.protocol.CorbaMessageMediatorImpl.handleThrowableDuringServerDispatch(CorbaMessageMediatorImpl.java:1900)
	at com.sun.corba.se.impl.protocol.CorbaMessageMediatorImpl.handleThrowableDuringServerDispatch(CorbaMessageMediatorImpl.java:1900)
	at com.sun.corba.se.impl.protocol.CorbaMessageMediatorImpl.handleThrowableDuringServerDispatch(CorbaMessageMediatorImpl.java:1900)
	at com.sun.corba.se.impl.protocol.CorbaMessageMediatorImpl.handleThrowableDuringServerDispatch(CorbaMessageMediatorImpl.java:1900)
	at com.sun.corba.se.impl.protocol.CorbaMessageMediatorImpl.handleThrowableDuringServerDispatch(CorbaMessageMediatorImpl.java:1841)
	at com.sun.corba.se.impl.protocol.CorbaServerRequestDispatcherImpl.dispatch(CorbaServerRequestDispatcherImpl.java:274)
	at com.sun.corba.se.impl.protocol.CorbaMessageMediatorImpl.handleRequestRequest(CorbaMessageMediatorImpl.java:1700)
	at com.sun.corba.se.impl.protocol.CorbaMessageMediatorImpl.handleRequest(CorbaMessageMediatorImpl.java:1558)
	at com.sun.corba.se.impl.protocol.CorbaMessageMediatorImpl.handleInput(CorbaMessageMediatorImpl.java:940)
	at com.sun.corba.se.impl.protocol.giopmsgheaders.RequestMessage_1_2.callback(RequestMessage_1_2.java:198)
	at com.sun.corba.se.impl.protocol.CorbaMessageMediatorImpl.handleRequest(CorbaMessageMediatorImpl.java:712)
	at com.sun.corba.se.impl.transport.SocketOrChannelConnectionImpl.dispatch(SocketOrChannelConnectionImpl.java:469)
	at com.sun.corba.se.impl.transport.SocketOrChannelConnectionImpl.doWork(SocketOrChannelConnectionImpl.java:1230)
	at com.sun.corba.se.impl.orbutil.threadpool.ThreadPoolImpl$WorkerThread.performWork(ThreadPoolImpl.java:490)
	at com.sun.corba.se.impl.orbutil.threadpool.ThreadPoolImpl$WorkerThread.run(ThreadPoolImpl.java:519)

Sep 20, 2013 2:55:18 AM com.sun.corba.se.impl.orb.ORBImpl checkShutdownState
WARNING: "IOP01600004: (BAD_INV_ORDER) ORB has shutdown"
org.omg.CORBA.BAD_INV_ORDER:   vmcid: OMG  minor code: 4  completed: No
	at com.sun.corba.se.impl.logging.OMGSystemException.badOperationAfterShutdown(OMGSystemException.java:224)
	at com.sun.corba.se.impl.logging.OMGSystemException.badOperationAfterShutdown(OMGSystemException.java:246)
	at com.sun.corba.se.impl.orb.ORBImpl.checkShutdownState(ORBImpl.java:1334)
	at com.sun.corba.se.spi.orb.ORB.getByteBufferPool(ORB.java:537)
	at com.sun.corba.se.impl.encoding.ByteBufferWithInfo.growBuffer(ByteBufferWithInfo.java:200)
	at com.sun.corba.se.impl.encoding.BufferManagerWriteGrow.overflow(BufferManagerWriteGrow.java:60)
	at com.sun.corba.se.impl.encoding.CDROutputStream_1_2.grow(CDROutputStream_1_2.java:229)
	at com.sun.corba.se.impl.encoding.CDROutputStream_1_2.alignAndReserve(CDROutputStream_1_2.java:200)
	at com.sun.corba.se.impl.encoding.CDROutputStream_1_0.internalWriteOctetArray(CDROutputStream_1_0.java:553)
	at com.sun.corba.se.impl.encoding.CDROutputStream_1_2.write_wstring(CDROutputStream_1_2.java:355)
	at com.sun.corba.se.impl.encoding.CDROutputStream.write_wstring(CDROutputStream.java:174)
	at com.sun.corba.se.impl.protocol.CorbaMessageMediatorImpl.addExceptionDetailMessage(CorbaMessageMediatorImpl.java:2131)
	at com.sun.corba.se.impl.protocol.CorbaMessageMediatorImpl.createSystemExceptionResponse(CorbaMessageMediatorImpl.java:2105)
	at com.sun.corba.se.impl.protocol.CorbaMessageMediatorImpl.handleThrowableDuringServerDispatch(CorbaMessageMediatorImpl.java:1891)
	at com.sun.corba.se.impl.protocol.CorbaMessageMediatorImpl.handleThrowableDuringServerDispatch(CorbaMessageMediatorImpl.java:1900)
	at com.sun.corba.se.impl.protocol.CorbaMessageMediatorImpl.handleThrowableDuringServerDispatch(CorbaMessageMediatorImpl.java:1900)
	at com.sun.corba.se.impl.protocol.CorbaMessageMediatorImpl.handleThrowableDuringServerDispatch(CorbaMessageMediatorImpl.java:1900)
	at com.sun.corba.se.impl.protocol.CorbaMessageMediatorImpl.handleThrowableDuringServerDispatch(CorbaMessageMediatorImpl.java:1900)
	at com.sun.corba.se.impl.protocol.CorbaMessageMediatorImpl.handleThrowableDuringServerDispatch(CorbaMessageMediatorImpl.java:1900)
	at com.sun.corba.se.impl.protocol.CorbaMessageMediatorImpl.handleThrowableDuringServerDispatch(CorbaMessageMediatorImpl.java:1900)
	at com.sun.corba.se.impl.protocol.CorbaMessageMediatorImpl.handleThrowableDuringServerDispatch(CorbaMessageMediatorImpl.java:1900)
	at com.sun.corba.se.impl.protocol.CorbaMessageMediatorImpl.handleThrowableDuringServerDispatch(CorbaMessageMediatorImpl.java:1900)
	at com.sun.corba.se.impl.protocol.CorbaMessageMediatorImpl.handleThrowableDuringServerDispatch(CorbaMessageMediatorImpl.java:1841)
	at com.sun.corba.se.impl.protocol.CorbaServerRequestDispatcherImpl.dispatch(CorbaServerRequestDispatcherImpl.java:274)
	at com.sun.corba.se.impl.protocol.CorbaMessageMediatorImpl.handleRequestRequest(CorbaMessageMediatorImpl.java:1700)
	at com.sun.corba.se.impl.protocol.CorbaMessageMediatorImpl.handleRequest(CorbaMessageMediatorImpl.java:1558)
	at com.sun.corba.se.impl.protocol.CorbaMessageMediatorImpl.handleInput(CorbaMessageMediatorImpl.java:940)
	at com.sun.corba.se.impl.protocol.giopmsgheaders.RequestMessage_1_2.callback(RequestMessage_1_2.java:198)
	at com.sun.corba.se.impl.protocol.CorbaMessageMediatorImpl.handleRequest(CorbaMessageMediatorImpl.java:712)
	at com.sun.corba.se.impl.transport.SocketOrChannelConnectionImpl.dispatch(SocketOrChannelConnectionImpl.java:469)
	at com.sun.corba.se.impl.transport.SocketOrChannelConnectionImpl.doWork(SocketOrChannelConnectionImpl.java:1230)
	at com.sun.corba.se.impl.orbutil.threadpool.ThreadPoolImpl$WorkerThread.performWork(ThreadPoolImpl.java:490)
	at com.sun.corba.se.impl.orbutil.threadpool.ThreadPoolImpl$WorkerThread.run(ThreadPoolImpl.java:519)

Sep 20, 2013 2:55:18 AM com.sun.corba.se.impl.orb.ORBImpl checkShutdownState
WARNING: "IOP01600004: (BAD_INV_ORDER) ORB has shutdown"
org.omg.CORBA.BAD_INV_ORDER:   vmcid: OMG  minor code: 4  completed: No
	at com.sun.corba.se.impl.logging.OMGSystemException.badOperationAfterShutdown(OMGSystemException.java:224)
	at com.sun.corba.se.impl.logging.OMGSystemException.badOperationAfterShutdown(OMGSystemException.java:246)
	at com.sun.corba.se.impl.orb.ORBImpl.checkShutdownState(ORBImpl.java:1334)
	at com.sun.corba.se.spi.orb.ORB.getByteBufferPool(ORB.java:537)
	at com.sun.corba.se.impl.encoding.ByteBufferWithInfo.growBuffer(ByteBufferWithInfo.java:200)
	at com.sun.corba.se.impl.encoding.BufferManagerWriteGrow.overflow(BufferManagerWriteGrow.java:60)
	at com.sun.corba.se.impl.encoding.CDROutputStream_1_2.grow(CDROutputStream_1_2.java:229)
	at com.sun.corba.se.impl.encoding.CDROutputStream_1_2.alignAndReserve(CDROutputStream_1_2.java:200)
	at com.sun.corba.se.impl.encoding.CDROutputStream_1_0.internalWriteOctetArray(CDROutputStream_1_0.java:553)
	at com.sun.corba.se.impl.encoding.CDROutputStream_1_2.write_wstring(CDROutputStream_1_2.java:355)
	at com.sun.corba.se.impl.encoding.CDROutputStream.write_wstring(CDROutputStream.java:174)
	at com.sun.corba.se.impl.protocol.CorbaMessageMediatorImpl.addExceptionDetailMessage(CorbaMessageMediatorImpl.java:2131)
	at com.sun.corba.se.impl.protocol.CorbaMessageMediatorImpl.createSystemExceptionResponse(CorbaMessageMediatorImpl.java:2105)
	at com.sun.corba.se.impl.protocol.CorbaMessageMediatorImpl.handleThrowableDuringServerDispatch(CorbaMessageMediatorImpl.java:1891)
	at com.sun.corba.se.impl.protocol.CorbaMessageMediatorImpl.handleThrowableDuringServerDispatch(CorbaMessageMediatorImpl.java:1900)
	at com.sun.corba.se.impl.protocol.CorbaMessageMediatorImpl.handleThrowableDuringServerDispatch(CorbaMessageMediatorImpl.java:1900)
	at com.sun.corba.se.impl.protocol.CorbaMessageMediatorImpl.handleThrowableDuringServerDispatch(CorbaMessageMediatorImpl.java:1900)
	at com.sun.corba.se.impl.protocol.CorbaMessageMediatorImpl.handleThrowableDuringServerDispatch(CorbaMessageMediatorImpl.java:1900)
	at com.sun.corba.se.impl.protocol.CorbaMessageMediatorImpl.handleThrowableDuringServerDispatch(CorbaMessageMediatorImpl.java:1900)
	at com.sun.corba.se.impl.protocol.CorbaMessageMediatorImpl.handleThrowableDuringServerDispatch(CorbaMessageMediatorImpl.java:1900)
	at com.sun.corba.se.impl.protocol.CorbaMessageMediatorImpl.handleThrowableDuringServerDispatch(CorbaMessageMediatorImpl.java:1900)
	at com.sun.corba.se.impl.protocol.CorbaMessageMediatorImpl.handleThrowableDuringServerDispatch(CorbaMessageMediatorImpl.java:1900)
	at com.sun.corba.se.impl.protocol.CorbaMessageMediatorImpl.handleThrowableDuringServerDispatch(CorbaMessageMediatorImpl.java:1900)
	at com.sun.corba.se.impl.protocol.CorbaMessageMediatorImpl.handleThrowableDuringServerDispatch(CorbaMessageMediatorImpl.java:1841)
	at com.sun.corba.se.impl.protocol.CorbaServerRequestDispatcherImpl.dispatch(CorbaServerRequestDispatcherImpl.java:274)
	at com.sun.corba.se.impl.protocol.CorbaMessageMediatorImpl.handleRequestRequest(CorbaMessageMediatorImpl.java:1700)
	at com.sun.corba.se.impl.protocol.CorbaMessageMediatorImpl.handleRequest(CorbaMessageMediatorImpl.java:1558)
	at com.sun.corba.se.impl.protocol.CorbaMessageMediatorImpl.handleInput(CorbaMessageMediatorImpl.java:940)
	at com.sun.corba.se.impl.protocol.giopmsgheaders.RequestMessage_1_2.callback(RequestMessage_1_2.java:198)
	at com.sun.corba.se.impl.protocol.CorbaMessageMediatorImpl.handleRequest(CorbaMessageMediatorImpl.java:712)
	at com.sun.corba.se.impl.transport.SocketOrChannelConnectionImpl.dispatch(SocketOrChannelConnectionImpl.java:469)
	at com.sun.corba.se.impl.transport.SocketOrChannelConnectionImpl.doWork(SocketOrChannelConnectionImpl.java:1230)
	at com.sun.corba.se.impl.orbutil.threadpool.ThreadPoolImpl$WorkerThread.performWork(ThreadPoolImpl.java:490)
	at com.sun.corba.se.impl.orbutil.threadpool.ThreadPoolImpl$WorkerThread.run(ThreadPoolImpl.java:519)

Sep 20, 2013 2:55:18 AM com.sun.corba.se.impl.orb.ORBImpl checkShutdownState
WARNING: "IOP01600004: (BAD_INV_ORDER) ORB has shutdown"
org.omg.CORBA.BAD_INV_ORDER:   vmcid: OMG  minor code: 4  completed: No
	at com.sun.corba.se.impl.logging.OMGSystemException.badOperationAfterShutdown(OMGSystemException.java:224)
	at com.sun.corba.se.impl.logging.OMGSystemException.badOperationAfterShutdown(OMGSystemException.java:246)
	at com.sun.corba.se.impl.orb.ORBImpl.checkShutdownState(ORBImpl.java:1334)
	at com.sun.corba.se.impl.orb.ORBImpl.finishedDispatch(ORBImpl.java:1361)
	at com.sun.corba.se.impl.protocol.CorbaMessageMediatorImpl.handleRequestRequest(CorbaMessageMediatorImpl.java:1702)
	at com.sun.corba.se.impl.protocol.CorbaMessageMediatorImpl.handleRequest(CorbaMessageMediatorImpl.java:1558)
	at com.sun.corba.se.impl.protocol.CorbaMessageMediatorImpl.handleInput(CorbaMessageMediatorImpl.java:940)
	at com.sun.corba.se.impl.protocol.giopmsgheaders.RequestMessage_1_2.callback(RequestMessage_1_2.java:198)
	at com.sun.corba.se.impl.protocol.CorbaMessageMediatorImpl.handleRequest(CorbaMessageMediatorImpl.java:712)
	at com.sun.corba.se.impl.transport.SocketOrChannelConnectionImpl.dispatch(SocketOrChannelConnectionImpl.java:469)
	at com.sun.corba.se.impl.transport.SocketOrChannelConnectionImpl.doWork(SocketOrChannelConnectionImpl.java:1230)
	at com.sun.corba.se.impl.orbutil.threadpool.ThreadPoolImpl$WorkerThread.performWork(ThreadPoolImpl.java:490)
	at com.sun.corba.se.impl.orbutil.threadpool.ThreadPoolImpl$WorkerThread.run(ThreadPoolImpl.java:519)

Sep 20, 2013 2:55:18 AM com.sun.corba.se.impl.orb.ORBImpl checkShutdownState
WARNING: "IOP01600004: (BAD_INV_ORDER) ORB has shutdown"
org.omg.CORBA.BAD_INV_ORDER:   vmcid: OMG  minor code: 4  completed: No
	at com.sun.corba.se.impl.logging.OMGSystemException.badOperationAfterShutdown(OMGSystemException.java:224)
	at com.sun.corba.se.impl.logging.OMGSystemException.badOperationAfterShutdown(OMGSystemException.java:246)
	at com.sun.corba.se.impl.orb.ORBImpl.checkShutdownState(ORBImpl.java:1334)
	at com.sun.corba.se.spi.orb.ORB.getByteBufferPool(ORB.java:537)
	at com.sun.corba.se.impl.encoding.ByteBufferWithInfo.growBuffer(ByteBufferWithInfo.java:200)
	at com.sun.corba.se.impl.encoding.BufferManagerWriteGrow.overflow(BufferManagerWriteGrow.java:60)
	at com.sun.corba.se.impl.encoding.CDROutputStream_1_2.grow(CDROutputStream_1_2.java:229)
	at com.sun.corba.se.impl.encoding.CDROutputStream_1_2.alignAndReserve(CDROutputStream_1_2.java:200)
	at com.sun.corba.se.impl.encoding.CDROutputStream_1_0.internalWriteOctetArray(CDROutputStream_1_0.java:553)
	at com.sun.corba.se.impl.encoding.CDROutputStream_1_2.write_wstring(CDROutputStream_1_2.java:355)
	at com.sun.corba.se.impl.encoding.CDROutputStream.write_wstring(CDROutputStream.java:174)
	at com.sun.corba.se.impl.protocol.CorbaMessageMediatorImpl.addExceptionDetailMessage(CorbaMessageMediatorImpl.java:2131)
	at com.sun.corba.se.impl.protocol.CorbaMessageMediatorImpl.createSystemExceptionResponse(CorbaMessageMediatorImpl.java:2105)
	at com.sun.corba.se.impl.protocol.CorbaMessageMediatorImpl.handleThrowableDuringServerDispatch(CorbaMessageMediatorImpl.java:1891)
	at com.sun.corba.se.impl.protocol.CorbaMessageMediatorImpl.handleThrowableDuringServerDispatch(CorbaMessageMediatorImpl.java:1841)
	at com.sun.corba.se.impl.protocol.CorbaMessageMediatorImpl.handleRequest(CorbaMessageMediatorImpl.java:1566)
	at com.sun.corba.se.impl.protocol.CorbaMessageMediatorImpl.handleInput(CorbaMessageMediatorImpl.java:940)
	at com.sun.corba.se.impl.protocol.giopmsgheaders.RequestMessage_1_2.callback(RequestMessage_1_2.java:198)
	at com.sun.corba.se.impl.protocol.CorbaMessageMediatorImpl.handleRequest(CorbaMessageMediatorImpl.java:712)
	at com.sun.corba.se.impl.transport.SocketOrChannelConnectionImpl.dispatch(SocketOrChannelConnectionImpl.java:469)
	at com.sun.corba.se.impl.transport.SocketOrChannelConnectionImpl.doWork(SocketOrChannelConnectionImpl.java:1230)
	at com.sun.corba.se.impl.orbutil.threadpool.ThreadPoolImpl$WorkerThread.performWork(ThreadPoolImpl.java:490)
	at com.sun.corba.se.impl.orbutil.threadpool.ThreadPoolImpl$WorkerThread.run(ThreadPoolImpl.java:519)

Sep 20, 2013 2:55:18 AM com.sun.corba.se.impl.orb.ORBImpl checkShutdownState
WARNING: "IOP01600004: (BAD_INV_ORDER) ORB has shutdown"
org.omg.CORBA.BAD_INV_ORDER:   vmcid: OMG  minor code: 4  completed: No
	at com.sun.corba.se.impl.logging.OMGSystemException.badOperationAfterShutdown(OMGSystemException.java:224)
	at com.sun.corba.se.impl.logging.OMGSystemException.badOperationAfterShutdown(OMGSystemException.java:246)
	at com.sun.corba.se.impl.orb.ORBImpl.checkShutdownState(ORBImpl.java:1334)
	at com.sun.corba.se.spi.orb.ORB.getByteBufferPool(ORB.java:537)
	at com.sun.corba.se.impl.encoding.ByteBufferWithInfo.growBuffer(ByteBufferWithInfo.java:200)
	at com.sun.corba.se.impl.encoding.BufferManagerWriteGrow.overflow(BufferManagerWriteGrow.java:60)
	at com.sun.corba.se.impl.encoding.CDROutputStream_1_2.grow(CDROutputStream_1_2.java:229)
	at com.sun.corba.se.impl.encoding.CDROutputStream_1_2.alignAndReserve(CDROutputStream_1_2.java:200)
	at com.sun.corba.se.impl.encoding.CDROutputStream_1_0.internalWriteOctetArray(CDROutputStream_1_0.java:553)
	at com.sun.corba.se.impl.encoding.CDROutputStream_1_2.write_wstring(CDROutputStream_1_2.java:355)
	at com.sun.corba.se.impl.encoding.CDROutputStream.write_wstring(CDROutputStream.java:174)
	at com.sun.corba.se.impl.protocol.CorbaMessageMediatorImpl.addExceptionDetailMessage(CorbaMessageMediatorImpl.java:2131)
	at com.sun.corba.se.impl.protocol.CorbaMessageMediatorImpl.createSystemExceptionResponse(CorbaMessageMediatorImpl.java:2105)
	at com.sun.corba.se.impl.protocol.CorbaMessageMediatorImpl.handleThrowableDuringServerDispatch(CorbaMessageMediatorImpl.java:1891)
	at com.sun.corba.se.impl.protocol.CorbaMessageMediatorImpl.handleThrowableDuringServerDispatch(CorbaMessageMediatorImpl.java:1900)
	at com.sun.corba.se.impl.protocol.CorbaMessageMediatorImpl.handleThrowableDuringServerDispatch(CorbaMessageMediatorImpl.java:1841)
	at com.sun.corba.se.impl.protocol.CorbaMessageMediatorImpl.handleRequest(CorbaMessageMediatorImpl.java:1566)
	at com.sun.corba.se.impl.protocol.CorbaMessageMediatorImpl.handleInput(CorbaMessageMediatorImpl.java:940)
	at com.sun.corba.se.impl.protocol.giopmsgheaders.RequestMessage_1_2.callback(RequestMessage_1_2.java:198)
	at com.sun.corba.se.impl.protocol.CorbaMessageMediatorImpl.handleRequest(CorbaMessageMediatorImpl.java:712)
	at com.sun.corba.se.impl.transport.SocketOrChannelConnectionImpl.dispatch(SocketOrChannelConnectionImpl.java:469)
	at com.sun.corba.se.impl.transport.SocketOrChannelConnectionImpl.doWork(SocketOrChannelConnectionImpl.java:1230)
	at com.sun.corba.se.impl.orbutil.threadpool.ThreadPoolImpl$WorkerThread.performWork(ThreadPoolImpl.java:490)
	at com.sun.corba.se.impl.orbutil.threadpool.ThreadPoolImpl$WorkerThread.run(ThreadPoolImpl.java:519)

Sep 20, 2013 2:55:18 AM com.sun.corba.se.impl.orb.ORBImpl checkShutdownState
WARNING: "IOP01600004: (BAD_INV_ORDER) ORB has shutdown"
org.omg.CORBA.BAD_INV_ORDER:   vmcid: OMG  minor code: 4  completed: No
	at com.sun.corba.se.impl.logging.OMGSystemException.badOperationAfterShutdown(OMGSystemException.java:224)
	at com.sun.corba.se.impl.logging.OMGSystemException.badOperationAfterShutdown(OMGSystemException.java:246)
	at com.sun.corba.se.impl.orb.ORBImpl.checkShutdownState(ORBImpl.java:1334)
	at com.sun.corba.se.spi.orb.ORB.getByteBufferPool(ORB.java:537)
	at com.sun.corba.se.impl.encoding.ByteBufferWithInfo.growBuffer(ByteBufferWithInfo.java:200)
	at com.sun.corba.se.impl.encoding.BufferManagerWriteGrow.overflow(BufferManagerWriteGrow.java:60)
	at com.sun.corba.se.impl.encoding.CDROutputStream_1_2.grow(CDROutputStream_1_2.java:229)
	at com.sun.corba.se.impl.encoding.CDROutputStream_1_2.alignAndReserve(CDROutputStream_1_2.java:200)
	at com.sun.corba.se.impl.encoding.CDROutputStream_1_0.internalWriteOctetArray(CDROutputStream_1_0.java:553)
	at com.sun.corba.se.impl.encoding.CDROutputStream_1_2.write_wstring(CDROutputStream_1_2.java:355)
	at com.sun.corba.se.impl.encoding.CDROutputStream.write_wstring(CDROutputStream.java:174)
	at com.sun.corba.se.impl.protocol.CorbaMessageMediatorImpl.addExceptionDetailMessage(CorbaMessageMediatorImpl.java:2131)
	at com.sun.corba.se.impl.protocol.CorbaMessageMediatorImpl.createSystemExceptionResponse(CorbaMessageMediatorImpl.java:2105)
	at com.sun.corba.se.impl.protocol.CorbaMessageMediatorImpl.handleThrowableDuringServerDispatch(CorbaMessageMediatorImpl.java:1891)
	at com.sun.corba.se.impl.protocol.CorbaMessageMediatorImpl.handleThrowableDuringServerDispatch(CorbaMessageMediatorImpl.java:1900)
	at com.sun.corba.se.impl.protocol.CorbaMessageMediatorImpl.handleThrowableDuringServerDispatch(CorbaMessageMediatorImpl.java:1900)
	at com.sun.corba.se.impl.protocol.CorbaMessageMediatorImpl.handleThrowableDuringServerDispatch(CorbaMessageMediatorImpl.java:1841)
	at com.sun.corba.se.impl.protocol.CorbaMessageMediatorImpl.handleRequest(CorbaMessageMediatorImpl.java:1566)
	at com.sun.corba.se.impl.protocol.CorbaMessageMediatorImpl.handleInput(CorbaMessageMediatorImpl.java:940)
	at com.sun.corba.se.impl.protocol.giopmsgheaders.RequestMessage_1_2.callback(RequestMessage_1_2.java:198)
	at com.sun.corba.se.impl.protocol.CorbaMessageMediatorImpl.handleRequest(CorbaMessageMediatorImpl.java:712)
	at com.sun.corba.se.impl.transport.SocketOrChannelConnectionImpl.dispatch(SocketOrChannelConnectionImpl.java:469)
	at com.sun.corba.se.impl.transport.SocketOrChannelConnectionImpl.doWork(SocketOrChannelConnectionImpl.java:1230)
	at com.sun.corba.se.impl.orbutil.threadpool.ThreadPoolImpl$WorkerThread.performWork(ThreadPoolImpl.java:490)
	at com.sun.corba.se.impl.orbutil.threadpool.ThreadPoolImpl$WorkerThread.run(ThreadPoolImpl.java:519)

Sep 20, 2013 2:55:18 AM com.sun.corba.se.impl.orb.ORBImpl checkShutdownState
WARNING: "IOP01600004: (BAD_INV_ORDER) ORB has shutdown"
org.omg.CORBA.BAD_INV_ORDER:   vmcid: OMG  minor code: 4  completed: No
	at com.sun.corba.se.impl.logging.OMGSystemException.badOperationAfterShutdown(OMGSystemException.java:224)
	at com.sun.corba.se.impl.logging.OMGSystemException.badOperationAfterShutdown(OMGSystemException.java:246)
	at com.sun.corba.se.impl.orb.ORBImpl.checkShutdownState(ORBImpl.java:1334)
	at com.sun.corba.se.spi.orb.ORB.getByteBufferPool(ORB.java:537)
	at com.sun.corba.se.impl.encoding.ByteBufferWithInfo.growBuffer(ByteBufferWithInfo.java:200)
	at com.sun.corba.se.impl.encoding.BufferManagerWriteGrow.overflow(BufferManagerWriteGrow.java:60)
	at com.sun.corba.se.impl.encoding.CDROutputStream_1_2.grow(CDROutputStream_1_2.java:229)
	at com.sun.corba.se.impl.encoding.CDROutputStream_1_2.alignAndReserve(CDROutputStream_1_2.java:200)
	at com.sun.corba.se.impl.encoding.CDROutputStream_1_0.internalWriteOctetArray(CDROutputStream_1_0.java:553)
	at com.sun.corba.se.impl.encoding.CDROutputStream_1_2.write_wstring(CDROutputStream_1_2.java:355)
	at com.sun.corba.se.impl.encoding.CDROutputStream.write_wstring(CDROutputStream.java:174)
	at com.sun.corba.se.impl.protocol.CorbaMessageMediatorImpl.addExceptionDetailMessage(CorbaMessageMediatorImpl.java:2131)
	at com.sun.corba.se.impl.protocol.CorbaMessageMediatorImpl.createSystemExceptionResponse(CorbaMessageMediatorImpl.java:2105)
	at com.sun.corba.se.impl.protocol.CorbaMessageMediatorImpl.handleThrowableDuringServerDispatch(CorbaMessageMediatorImpl.java:1891)
	at com.sun.corba.se.impl.protocol.CorbaMessageMediatorImpl.handleThrowableDuringServerDispatch(CorbaMessageMediatorImpl.java:1900)
	at com.sun.corba.se.impl.protocol.CorbaMessageMediatorImpl.handleThrowableDuringServerDispatch(CorbaMessageMediatorImpl.java:1900)
	at com.sun.corba.se.impl.protocol.CorbaMessageMediatorImpl.handleThrowableDuringServerDispatch(CorbaMessageMediatorImpl.java:1900)
	at com.sun.corba.se.impl.protocol.CorbaMessageMediatorImpl.handleThrowableDuringServerDispatch(CorbaMessageMediatorImpl.java:1841)
	at com.sun.corba.se.impl.protocol.CorbaMessageMediatorImpl.handleRequest(CorbaMessageMediatorImpl.java:1566)
	at com.sun.corba.se.impl.protocol.CorbaMessageMediatorImpl.handleInput(CorbaMessageMediatorImpl.java:940)
	at com.sun.corba.se.impl.protocol.giopmsgheaders.RequestMessage_1_2.callback(RequestMessage_1_2.java:198)
	at com.sun.corba.se.impl.protocol.CorbaMessageMediatorImpl.handleRequest(CorbaMessageMediatorImpl.java:712)
	at com.sun.corba.se.impl.transport.SocketOrChannelConnectionImpl.dispatch(SocketOrChannelConnectionImpl.java:469)
	at com.sun.corba.se.impl.transport.SocketOrChannelConnectionImpl.doWork(SocketOrChannelConnectionImpl.java:1230)
	at com.sun.corba.se.impl.orbutil.threadpool.ThreadPoolImpl$WorkerThread.performWork(ThreadPoolImpl.java:490)
	at com.sun.corba.se.impl.orbutil.threadpool.ThreadPoolImpl$WorkerThread.run(ThreadPoolImpl.java:519)

Sep 20, 2013 2:55:18 AM com.sun.corba.se.impl.orb.ORBImpl checkShutdownState
WARNING: "IOP01600004: (BAD_INV_ORDER) ORB has shutdown"
org.omg.CORBA.BAD_INV_ORDER:   vmcid: OMG  minor code: 4  completed: No
	at com.sun.corba.se.impl.logging.OMGSystemException.badOperationAfterShutdown(OMGSystemException.java:224)
	at com.sun.corba.se.impl.logging.OMGSystemException.badOperationAfterShutdown(OMGSystemException.java:246)
	at com.sun.corba.se.impl.orb.ORBImpl.checkShutdownState(ORBImpl.java:1334)
	at com.sun.corba.se.spi.orb.ORB.getByteBufferPool(ORB.java:537)
	at com.sun.corba.se.impl.encoding.ByteBufferWithInfo.growBuffer(ByteBufferWithInfo.java:200)
	at com.sun.corba.se.impl.encoding.BufferManagerWriteGrow.overflow(BufferManagerWriteGrow.java:60)
	at com.sun.corba.se.impl.encoding.CDROutputStream_1_2.grow(CDROutputStream_1_2.java:229)
	at com.sun.corba.se.impl.encoding.CDROutputStream_1_2.alignAndReserve(CDROutputStream_1_2.java:200)
	at com.sun.corba.se.impl.encoding.CDROutputStream_1_0.internalWriteOctetArray(CDROutputStream_1_0.java:553)
	at com.sun.corba.se.impl.encoding.CDROutputStream_1_2.write_wstring(CDROutputStream_1_2.java:355)
	at com.sun.corba.se.impl.encoding.CDROutputStream.write_wstring(CDROutputStream.java:174)
	at com.sun.corba.se.impl.protocol.CorbaMessageMediatorImpl.addExceptionDetailMessage(CorbaMessageMediatorImpl.java:2131)
	at com.sun.corba.se.impl.protocol.CorbaMessageMediatorImpl.createSystemExceptionResponse(CorbaMessageMediatorImpl.java:2105)
	at com.sun.corba.se.impl.protocol.CorbaMessageMediatorImpl.handleThrowableDuringServerDispatch(CorbaMessageMediatorImpl.java:1891)
	at com.sun.corba.se.impl.protocol.CorbaMessageMediatorImpl.handleThrowableDuringServerDispatch(CorbaMessageMediatorImpl.java:1900)
	at com.sun.corba.se.impl.protocol.CorbaMessageMediatorImpl.handleThrowableDuringServerDispatch(CorbaMessageMediatorImpl.java:1900)
	at com.sun.corba.se.impl.protocol.CorbaMessageMediatorImpl.handleThrowableDuringServerDispatch(CorbaMessageMediatorImpl.java:1900)
	at com.sun.corba.se.impl.protocol.CorbaMessageMediatorImpl.handleThrowableDuringServerDispatch(CorbaMessageMediatorImpl.java:1900)
	at com.sun.corba.se.impl.protocol.CorbaMessageMediatorImpl.handleThrowableDuringServerDispatch(CorbaMessageMediatorImpl.java:1841)
	at com.sun.corba.se.impl.protocol.CorbaMessageMediatorImpl.handleRequest(CorbaMessageMediatorImpl.java:1566)
	at com.sun.corba.se.impl.protocol.CorbaMessageMediatorImpl.handleInput(CorbaMessageMediatorImpl.java:940)
	at com.sun.corba.se.impl.protocol.giopmsgheaders.RequestMessage_1_2.callback(RequestMessage_1_2.java:198)
	at com.sun.corba.se.impl.protocol.CorbaMessageMediatorImpl.handleRequest(CorbaMessageMediatorImpl.java:712)
	at com.sun.corba.se.impl.transport.SocketOrChannelConnectionImpl.dispatch(SocketOrChannelConnectionImpl.java:469)
	at com.sun.corba.se.impl.transport.SocketOrChannelConnectionImpl.doWork(SocketOrChannelConnectionImpl.java:1230)
	at com.sun.corba.se.impl.orbutil.threadpool.ThreadPoolImpl$WorkerThread.performWork(ThreadPoolImpl.java:490)
	at com.sun.corba.se.impl.orbutil.threadpool.ThreadPoolImpl$WorkerThread.run(ThreadPoolImpl.java:519)

Sep 20, 2013 2:55:18 AM com.sun.corba.se.impl.orb.ORBImpl checkShutdownState
WARNING: "IOP01600004: (BAD_INV_ORDER) ORB has shutdown"
org.omg.CORBA.BAD_INV_ORDER:   vmcid: OMG  minor code: 4  completed: No
	at com.sun.corba.se.impl.logging.OMGSystemException.badOperationAfterShutdown(OMGSystemException.java:224)
	at com.sun.corba.se.impl.logging.OMGSystemException.badOperationAfterShutdown(OMGSystemException.java:246)
	at com.sun.corba.se.impl.orb.ORBImpl.checkShutdownState(ORBImpl.java:1334)
	at com.sun.corba.se.spi.orb.ORB.getByteBufferPool(ORB.java:537)
	at com.sun.corba.se.impl.encoding.ByteBufferWithInfo.growBuffer(ByteBufferWithInfo.java:200)
	at com.sun.corba.se.impl.encoding.BufferManagerWriteGrow.overflow(BufferManagerWriteGrow.java:60)
	at com.sun.corba.se.impl.encoding.CDROutputStream_1_2.grow(CDROutputStream_1_2.java:229)
	at com.sun.corba.se.impl.encoding.CDROutputStream_1_2.alignAndReserve(CDROutputStream_1_2.java:200)
	at com.sun.corba.se.impl.encoding.CDROutputStream_1_0.internalWriteOctetArray(CDROutputStream_1_0.java:553)
	at com.sun.corba.se.impl.encoding.CDROutputStream_1_2.write_wstring(CDROutputStream_1_2.java:355)
	at com.sun.corba.se.impl.encoding.CDROutputStream.write_wstring(CDROutputStream.java:174)
	at com.sun.corba.se.impl.protocol.CorbaMessageMediatorImpl.addExceptionDetailMessage(CorbaMessageMediatorImpl.java:2131)
	at com.sun.corba.se.impl.protocol.CorbaMessageMediatorImpl.createSystemExceptionResponse(CorbaMessageMediatorImpl.java:2105)
	at com.sun.corba.se.impl.protocol.CorbaMessageMediatorImpl.handleThrowableDuringServerDispatch(CorbaMessageMediatorImpl.java:1891)
	at com.sun.corba.se.impl.protocol.CorbaMessageMediatorImpl.handleThrowableDuringServerDispatch(CorbaMessageMediatorImpl.java:1900)
	at com.sun.corba.se.impl.protocol.CorbaMessageMediatorImpl.handleThrowableDuringServerDispatch(CorbaMessageMediatorImpl.java:1900)
	at com.sun.corba.se.impl.protocol.CorbaMessageMediatorImpl.handleThrowableDuringServerDispatch(CorbaMessageMediatorImpl.java:1900)
	at com.sun.corba.se.impl.protocol.CorbaMessageMediatorImpl.handleThrowableDuringServerDispatch(CorbaMessageMediatorImpl.java:1900)
	at com.sun.corba.se.impl.protocol.CorbaMessageMediatorImpl.handleThrowableDuringServerDispatch(CorbaMessageMediatorImpl.java:1900)
	at com.sun.corba.se.impl.protocol.CorbaMessageMediatorImpl.handleThrowableDuringServerDispatch(CorbaMessageMediatorImpl.java:1841)
	at com.sun.corba.se.impl.protocol.CorbaMessageMediatorImpl.handleRequest(CorbaMessageMediatorImpl.java:1566)
	at com.sun.corba.se.impl.protocol.CorbaMessageMediatorImpl.handleInput(CorbaMessageMediatorImpl.java:940)
	at com.sun.corba.se.impl.protocol.giopmsgheaders.RequestMessage_1_2.callback(RequestMessage_1_2.java:198)
	at com.sun.corba.se.impl.protocol.CorbaMessageMediatorImpl.handleRequest(CorbaMessageMediatorImpl.java:712)
	at com.sun.corba.se.impl.transport.SocketOrChannelConnectionImpl.dispatch(SocketOrChannelConnectionImpl.java:469)
	at com.sun.corba.se.impl.transport.SocketOrChannelConnectionImpl.doWork(SocketOrChannelConnectionImpl.java:1230)
	at com.sun.corba.se.impl.orbutil.threadpool.ThreadPoolImpl$WorkerThread.performWork(ThreadPoolImpl.java:490)
	at com.sun.corba.se.impl.orbutil.threadpool.ThreadPoolImpl$WorkerThread.run(ThreadPoolImpl.java:519)

Sep 20, 2013 2:55:18 AM com.sun.corba.se.impl.orb.ORBImpl checkShutdownState
WARNING: "IOP01600004: (BAD_INV_ORDER) ORB has shutdown"
org.omg.CORBA.BAD_INV_ORDER:   vmcid: OMG  minor code: 4  completed: No
	at com.sun.corba.se.impl.logging.OMGSystemException.badOperationAfterShutdown(OMGSystemException.java:224)
	at com.sun.corba.se.impl.logging.OMGSystemException.badOperationAfterShutdown(OMGSystemException.java:246)
	at com.sun.corba.se.impl.orb.ORBImpl.checkShutdownState(ORBImpl.java:1334)
	at com.sun.corba.se.spi.orb.ORB.getByteBufferPool(ORB.java:537)
	at com.sun.corba.se.impl.encoding.ByteBufferWithInfo.growBuffer(ByteBufferWithInfo.java:200)
	at com.sun.corba.se.impl.encoding.BufferManagerWriteGrow.overflow(BufferManagerWriteGrow.java:60)
	at com.sun.corba.se.impl.encoding.CDROutputStream_1_2.grow(CDROutputStream_1_2.java:229)
	at com.sun.corba.se.impl.encoding.CDROutputStream_1_2.alignAndReserve(CDROutputStream_1_2.java:200)
	at com.sun.corba.se.impl.encoding.CDROutputStream_1_0.internalWriteOctetArray(CDROutputStream_1_0.java:553)
	at com.sun.corba.se.impl.encoding.CDROutputStream_1_2.write_wstring(CDROutputStream_1_2.java:355)
	at com.sun.corba.se.impl.encoding.CDROutputStream.write_wstring(CDROutputStream.java:174)
	at com.sun.corba.se.impl.protocol.CorbaMessageMediatorImpl.addExceptionDetailMessage(CorbaMessageMediatorImpl.java:2131)
	at com.sun.corba.se.impl.protocol.CorbaMessageMediatorImpl.createSystemExceptionResponse(CorbaMessageMediatorImpl.java:2105)
	at com.sun.corba.se.impl.protocol.CorbaMessageMediatorImpl.handleThrowableDuringServerDispatch(CorbaMessageMediatorImpl.java:1891)
	at com.sun.corba.se.impl.protocol.CorbaMessageMediatorImpl.handleThrowableDuringServerDispatch(CorbaMessageMediatorImpl.java:1900)
	at com.sun.corba.se.impl.protocol.CorbaMessageMediatorImpl.handleThrowableDuringServerDispatch(CorbaMessageMediatorImpl.java:1900)
	at com.sun.corba.se.impl.protocol.CorbaMessageMediatorImpl.handleThrowableDuringServerDispatch(CorbaMessageMediatorImpl.java:1900)
	at com.sun.corba.se.impl.protocol.CorbaMessageMediatorImpl.handleThrowableDuringServerDispatch(CorbaMessageMediatorImpl.java:1900)
	at com.sun.corba.se.impl.protocol.CorbaMessageMediatorImpl.handleThrowableDuringServerDispatch(CorbaMessageMediatorImpl.java:1900)
	at com.sun.corba.se.impl.protocol.CorbaMessageMediatorImpl.handleThrowableDuringServerDispatch(CorbaMessageMediatorImpl.java:1900)
	at com.sun.corba.se.impl.protocol.CorbaMessageMediatorImpl.handleThrowableDuringServerDispatch(CorbaMessageMediatorImpl.java:1841)
	at com.sun.corba.se.impl.protocol.CorbaMessageMediatorImpl.handleRequest(CorbaMessageMediatorImpl.java:1566)
	at com.sun.corba.se.impl.protocol.CorbaMessageMediatorImpl.handleInput(CorbaMessageMediatorImpl.java:940)
	at com.sun.corba.se.impl.protocol.giopmsgheaders.RequestMessage_1_2.callback(RequestMessage_1_2.java:198)
	at com.sun.corba.se.impl.protocol.CorbaMessageMediatorImpl.handleRequest(CorbaMessageMediatorImpl.java:712)
	at com.sun.corba.se.impl.transport.SocketOrChannelConnectionImpl.dispatch(SocketOrChannelConnectionImpl.java:469)
	at com.sun.corba.se.impl.transport.SocketOrChannelConnectionImpl.doWork(SocketOrChannelConnectionImpl.java:1230)
	at com.sun.corba.se.impl.orbutil.threadpool.ThreadPoolImpl$WorkerThread.performWork(ThreadPoolImpl.java:490)
	at com.sun.corba.se.impl.orbutil.threadpool.ThreadPoolImpl$WorkerThread.run(ThreadPoolImpl.java:519)

Sep 20, 2013 2:55:18 AM com.sun.corba.se.impl.orb.ORBImpl checkShutdownState
WARNING: "IOP01600004: (BAD_INV_ORDER) ORB has shutdown"
org.omg.CORBA.BAD_INV_ORDER:   vmcid: OMG  minor code: 4  completed: No
	at com.sun.corba.se.impl.logging.OMGSystemException.badOperationAfterShutdown(OMGSystemException.java:224)
	at com.sun.corba.se.impl.logging.OMGSystemException.badOperationAfterShutdown(OMGSystemException.java:246)
	at com.sun.corba.se.impl.orb.ORBImpl.checkShutdownState(ORBImpl.java:1334)
	at com.sun.corba.se.spi.orb.ORB.getByteBufferPool(ORB.java:537)
	at com.sun.corba.se.impl.encoding.ByteBufferWithInfo.growBuffer(ByteBufferWithInfo.java:200)
	at com.sun.corba.se.impl.encoding.BufferManagerWriteGrow.overflow(BufferManagerWriteGrow.java:60)
	at com.sun.corba.se.impl.encoding.CDROutputStream_1_2.grow(CDROutputStream_1_2.java:229)
	at com.sun.corba.se.impl.encoding.CDROutputStream_1_2.alignAndReserve(CDROutputStream_1_2.java:200)
	at com.sun.corba.se.impl.encoding.CDROutputStream_1_0.internalWriteOctetArray(CDROutputStream_1_0.java:553)
	at com.sun.corba.se.impl.encoding.CDROutputStream_1_2.write_wstring(CDROutputStream_1_2.java:355)
	at com.sun.corba.se.impl.encoding.CDROutputStream.write_wstring(CDROutputStream.java:174)
	at com.sun.corba.se.impl.protocol.CorbaMessageMediatorImpl.addExceptionDetailMessage(CorbaMessageMediatorImpl.java:2131)
	at com.sun.corba.se.impl.protocol.CorbaMessageMediatorImpl.createSystemExceptionResponse(CorbaMessageMediatorImpl.java:2105)
	at com.sun.corba.se.impl.protocol.CorbaMessageMediatorImpl.handleThrowableDuringServerDispatch(CorbaMessageMediatorImpl.java:1891)
	at com.sun.corba.se.impl.protocol.CorbaMessageMediatorImpl.handleThrowableDuringServerDispatch(CorbaMessageMediatorImpl.java:1900)
	at com.sun.corba.se.impl.protocol.CorbaMessageMediatorImpl.handleThrowableDuringServerDispatch(CorbaMessageMediatorImpl.java:1900)
	at com.sun.corba.se.impl.protocol.CorbaMessageMediatorImpl.handleThrowableDuringServerDispatch(CorbaMessageMediatorImpl.java:1900)
	at com.sun.corba.se.impl.protocol.CorbaMessageMediatorImpl.handleThrowableDuringServerDispatch(CorbaMessageMediatorImpl.java:1900)
	at com.sun.corba.se.impl.protocol.CorbaMessageMediatorImpl.handleThrowableDuringServerDispatch(CorbaMessageMediatorImpl.java:1900)
	at com.sun.corba.se.impl.protocol.CorbaMessageMediatorImpl.handleThrowableDuringServerDispatch(CorbaMessageMediatorImpl.java:1900)
	at com.sun.corba.se.impl.protocol.CorbaMessageMediatorImpl.handleThrowableDuringServerDispatch(CorbaMessageMediatorImpl.java:1900)
	at com.sun.corba.se.impl.protocol.CorbaMessageMediatorImpl.handleThrowableDuringServerDispatch(CorbaMessageMediatorImpl.java:1841)
	at com.sun.corba.se.impl.protocol.CorbaMessageMediatorImpl.handleRequest(CorbaMessageMediatorImpl.java:1566)
	at com.sun.corba.se.impl.protocol.CorbaMessageMediatorImpl.handleInput(CorbaMessageMediatorImpl.java:940)
	at com.sun.corba.se.impl.protocol.giopmsgheaders.RequestMessage_1_2.callback(RequestMessage_1_2.java:198)
	at com.sun.corba.se.impl.protocol.CorbaMessageMediatorImpl.handleRequest(CorbaMessageMediatorImpl.java:712)
	at com.sun.corba.se.impl.transport.SocketOrChannelConnectionImpl.dispatch(SocketOrChannelConnectionImpl.java:469)
	at com.sun.corba.se.impl.transport.SocketOrChannelConnectionImpl.doWork(SocketOrChannelConnectionImpl.java:1230)
	at com.sun.corba.se.impl.orbutil.threadpool.ThreadPoolImpl$WorkerThread.performWork(ThreadPoolImpl.java:490)
	at com.sun.corba.se.impl.orbutil.threadpool.ThreadPoolImpl$WorkerThread.run(ThreadPoolImpl.java:519)

Sep 20, 2013 2:55:18 AM com.sun.corba.se.impl.orb.ORBImpl checkShutdownState
WARNING: "IOP01600004: (BAD_INV_ORDER) ORB has shutdown"
org.omg.CORBA.BAD_INV_ORDER:   vmcid: OMG  minor code: 4  completed: No
	at com.sun.corba.se.impl.logging.OMGSystemException.badOperationAfterShutdown(OMGSystemException.java:224)
	at com.sun.corba.se.impl.logging.OMGSystemException.badOperationAfterShutdown(OMGSystemException.java:246)
	at com.sun.corba.se.impl.orb.ORBImpl.checkShutdownState(ORBImpl.java:1334)
	at com.sun.corba.se.spi.orb.ORB.getByteBufferPool(ORB.java:537)
	at com.sun.corba.se.impl.encoding.ByteBufferWithInfo.growBuffer(ByteBufferWithInfo.java:200)
	at com.sun.corba.se.impl.encoding.BufferManagerWriteGrow.overflow(BufferManagerWriteGrow.java:60)
	at com.sun.corba.se.impl.encoding.CDROutputStream_1_2.grow(CDROutputStream_1_2.java:229)
	at com.sun.corba.se.impl.encoding.CDROutputStream_1_2.alignAndReserve(CDROutputStream_1_2.java:200)
	at com.sun.corba.se.impl.encoding.CDROutputStream_1_0.internalWriteOctetArray(CDROutputStream_1_0.java:553)
	at com.sun.corba.se.impl.encoding.CDROutputStream_1_2.write_wstring(CDROutputStream_1_2.java:355)
	at com.sun.corba.se.impl.encoding.CDROutputStream.write_wstring(CDROutputStream.java:174)
	at com.sun.corba.se.impl.protocol.CorbaMessageMediatorImpl.addExceptionDetailMessage(CorbaMessageMediatorImpl.java:2131)
	at com.sun.corba.se.impl.protocol.CorbaMessageMediatorImpl.createSystemExceptionResponse(CorbaMessageMediatorImpl.java:2105)
	at com.sun.corba.se.impl.protocol.CorbaMessageMediatorImpl.handleThrowableDuringServerDispatch(CorbaMessageMediatorImpl.java:1891)
	at com.sun.corba.se.impl.protocol.CorbaMessageMediatorImpl.handleThrowableDuringServerDispatch(CorbaMessageMediatorImpl.java:1900)
	at com.sun.corba.se.impl.protocol.CorbaMessageMediatorImpl.handleThrowableDuringServerDispatch(CorbaMessageMediatorImpl.java:1900)
	at com.sun.corba.se.impl.protocol.CorbaMessageMediatorImpl.handleThrowableDuringServerDispatch(CorbaMessageMediatorImpl.java:1900)
	at com.sun.corba.se.impl.protocol.CorbaMessageMediatorImpl.handleThrowableDuringServerDispatch(CorbaMessageMediatorImpl.java:1900)
	at com.sun.corba.se.impl.protocol.CorbaMessageMediatorImpl.handleThrowableDuringServerDispatch(CorbaMessageMediatorImpl.java:1900)
	at com.sun.corba.se.impl.protocol.CorbaMessageMediatorImpl.handleThrowableDuringServerDispatch(CorbaMessageMediatorImpl.java:1900)
	at com.sun.corba.se.impl.protocol.CorbaMessageMediatorImpl.handleThrowableDuringServerDispatch(CorbaMessageMediatorImpl.java:1900)
	at com.sun.corba.se.impl.protocol.CorbaMessageMediatorImpl.handleThrowableDuringServerDispatch(CorbaMessageMediatorImpl.java:1900)
	at com.sun.corba.se.impl.protocol.CorbaMessageMediatorImpl.handleThrowableDuringServerDispatch(CorbaMessageMediatorImpl.java:1841)
	at com.sun.corba.se.impl.protocol.CorbaMessageMediatorImpl.handleRequest(CorbaMessageMediatorImpl.java:1566)
	at com.sun.corba.se.impl.protocol.CorbaMessageMediatorImpl.handleInput(CorbaMessageMediatorImpl.java:940)
	at com.sun.corba.se.impl.protocol.giopmsgheaders.RequestMessage_1_2.callback(RequestMessage_1_2.java:198)
	at com.sun.corba.se.impl.protocol.CorbaMessageMediatorImpl.handleRequest(CorbaMessageMediatorImpl.java:712)
	at com.sun.corba.se.impl.transport.SocketOrChannelConnectionImpl.dispatch(SocketOrChannelConnectionImpl.java:469)
	at com.sun.corba.se.impl.transport.SocketOrChannelConnectionImpl.doWork(SocketOrChannelConnectionImpl.java:1230)
	at com.sun.corba.se.impl.orbutil.threadpool.ThreadPoolImpl$WorkerThread.performWork(ThreadPoolImpl.java:490)
	at com.sun.corba.se.impl.orbutil.threadpool.ThreadPoolImpl$WorkerThread.run(ThreadPoolImpl.java:519)

Sep 20, 2013 2:55:18 AM com.sun.corba.se.impl.orb.ORBImpl checkShutdownState
WARNING: "IOP01600004: (BAD_INV_ORDER) ORB has shutdown"
org.omg.CORBA.BAD_INV_ORDER:   vmcid: OMG  minor code: 4  completed: No
	at com.sun.corba.se.impl.logging.OMGSystemException.badOperationAfterShutdown(OMGSystemException.java:224)
	at com.sun.corba.se.impl.logging.OMGSystemException.badOperationAfterShutdown(OMGSystemException.java:246)
	at com.sun.corba.se.impl.orb.ORBImpl.checkShutdownState(ORBImpl.java:1334)
	at com.sun.corba.se.spi.orb.ORB.getByteBufferPool(ORB.java:537)
	at com.sun.corba.se.impl.encoding.ByteBufferWithInfo.growBuffer(ByteBufferWithInfo.java:200)
	at com.sun.corba.se.impl.encoding.BufferManagerWriteGrow.overflow(BufferManagerWriteGrow.java:60)
	at com.sun.corba.se.impl.encoding.CDROutputStream_1_2.grow(CDROutputStream_1_2.java:229)
	at com.sun.corba.se.impl.encoding.CDROutputStream_1_2.alignAndReserve(CDROutputStream_1_2.java:200)
	at com.sun.corba.se.impl.encoding.CDROutputStream_1_0.internalWriteOctetArray(CDROutputStream_1_0.java:553)
	at com.sun.corba.se.impl.encoding.CDROutputStream_1_2.write_wstring(CDROutputStream_1_2.java:355)
	at com.sun.corba.se.impl.encoding.CDROutputStream.write_wstring(CDROutputStream.java:174)
	at com.sun.corba.se.impl.protocol.CorbaMessageMediatorImpl.addExceptionDetailMessage(CorbaMessageMediatorImpl.java:2131)
	at com.sun.corba.se.impl.protocol.CorbaMessageMediatorImpl.createSystemExceptionResponse(CorbaMessageMediatorImpl.java:2105)
	at com.sun.corba.se.impl.protocol.CorbaMessageMediatorImpl.handleThrowableDuringServerDispatch(CorbaMessageMediatorImpl.java:1891)
	at com.sun.corba.se.impl.protocol.CorbaMessageMediatorImpl.handleThrowableDuringServerDispatch(CorbaMessageMediatorImpl.java:1900)
	at com.sun.corba.se.impl.protocol.CorbaMessageMediatorImpl.handleThrowableDuringServerDispatch(CorbaMessageMediatorImpl.java:1900)
	at com.sun.corba.se.impl.protocol.CorbaMessageMediatorImpl.handleThrowableDuringServerDispatch(CorbaMessageMediatorImpl.java:1900)
	at com.sun.corba.se.impl.protocol.CorbaMessageMediatorImpl.handleThrowableDuringServerDispatch(CorbaMessageMediatorImpl.java:1900)
	at com.sun.corba.se.impl.protocol.CorbaMessageMediatorImpl.handleThrowableDuringServerDispatch(CorbaMessageMediatorImpl.java:1900)
	at com.sun.corba.se.impl.protocol.CorbaMessageMediatorImpl.handleThrowableDuringServerDispatch(CorbaMessageMediatorImpl.java:1900)
	at com.sun.corba.se.impl.protocol.CorbaMessageMediatorImpl.handleThrowableDuringServerDispatch(CorbaMessageMediatorImpl.java:1900)
	at com.sun.corba.se.impl.protocol.CorbaMessageMediatorImpl.handleThrowableDuringServerDispatch(CorbaMessageMediatorImpl.java:1900)
	at com.sun.corba.se.impl.protocol.CorbaMessageMediatorImpl.handleThrowableDuringServerDispatch(CorbaMessageMediatorImpl.java:1900)
	at com.sun.corba.se.impl.protocol.CorbaMessageMediatorImpl.handleThrowableDuringServerDispatch(CorbaMessageMediatorImpl.java:1841)
	at com.sun.corba.se.impl.protocol.CorbaMessageMediatorImpl.handleRequest(CorbaMessageMediatorImpl.java:1566)
	at com.sun.corba.se.impl.protocol.CorbaMessageMediatorImpl.handleInput(CorbaMessageMediatorImpl.java:940)
	at com.sun.corba.se.impl.protocol.giopmsgheaders.RequestMessage_1_2.callback(RequestMessage_1_2.java:198)
	at com.sun.corba.se.impl.protocol.CorbaMessageMediatorImpl.handleRequest(CorbaMessageMediatorImpl.java:712)
	at com.sun.corba.se.impl.transport.SocketOrChannelConnectionImpl.dispatch(SocketOrChannelConnectionImpl.java:469)
	at com.sun.corba.se.impl.transport.SocketOrChannelConnectionImpl.doWork(SocketOrChannelConnectionImpl.java:1230)
	at com.sun.corba.se.impl.orbutil.threadpool.ThreadPoolImpl$WorkerThread.performWork(ThreadPoolImpl.java:490)
	at com.sun.corba.se.impl.orbutil.threadpool.ThreadPoolImpl$WorkerThread.run(ThreadPoolImpl.java:519)

Sep 20, 2013 2:55:18 AM com.sun.corba.se.impl.orb.ORBImpl checkShutdownState
WARNING: "IOP01600004: (BAD_INV_ORDER) ORB has shutdown"
org.omg.CORBA.BAD_INV_ORDER:   vmcid: OMG  minor code: 4  completed: No
	at com.sun.corba.se.impl.logging.OMGSystemException.badOperationAfterShutdown(OMGSystemException.java:224)
	at com.sun.corba.se.impl.logging.OMGSystemException.badOperationAfterShutdown(OMGSystemException.java:246)
	at com.sun.corba.se.impl.orb.ORBImpl.checkShutdownState(ORBImpl.java:1334)
	at com.sun.corba.se.spi.orb.ORB.getByteBufferPool(ORB.java:537)
	at com.sun.corba.se.impl.encoding.BufferManagerReadStream.getByteBufferPool(BufferManagerReadStream.java:279)
	at com.sun.corba.se.impl.encoding.BufferManagerReadStream.close(BufferManagerReadStream.java:203)
	at com.sun.corba.se.impl.encoding.CDRInputStream_1_0.close(CDRInputStream_1_0.java:2354)
	at com.sun.corba.se.impl.encoding.CDRInputStream.close(CDRInputStream.java:388)
	at com.sun.corba.se.impl.protocol.CorbaMessageMediatorImpl.endRequest(CorbaMessageMediatorImpl.java:1649)
	at com.sun.corba.se.impl.protocol.CorbaMessageMediatorImpl.handleRequest(CorbaMessageMediatorImpl.java:1573)
	at com.sun.corba.se.impl.protocol.CorbaMessageMediatorImpl.handleInput(CorbaMessageMediatorImpl.java:940)
	at com.sun.corba.se.impl.protocol.giopmsgheaders.RequestMessage_1_2.callback(RequestMessage_1_2.java:198)
	at com.sun.corba.se.impl.protocol.CorbaMessageMediatorImpl.handleRequest(CorbaMessageMediatorImpl.java:712)
	at com.sun.corba.se.impl.transport.SocketOrChannelConnectionImpl.dispatch(SocketOrChannelConnectionImpl.java:469)
	at com.sun.corba.se.impl.transport.SocketOrChannelConnectionImpl.doWork(SocketOrChannelConnectionImpl.java:1230)
	at com.sun.corba.se.impl.orbutil.threadpool.ThreadPoolImpl$WorkerThread.performWork(ThreadPoolImpl.java:490)
	at com.sun.corba.se.impl.orbutil.threadpool.ThreadPoolImpl$WorkerThread.run(ThreadPoolImpl.java:519)

Sep 20, 2013 3:03:28 AM com.sun.corba.se.impl.protocol.CorbaMessageMediatorImpl convertThrowableToSystemException
WARNING: "IOP00010202: (UNKNOWN) Unknown user exception thrown by the server"
org.omg.CORBA.UNKNOWN:   vmcid: SUN  minor code: 202 completed: Maybe
	at com.sun.corba.se.impl.logging.ORBUtilSystemException.runtimeexception(ORBUtilSystemException.java:8869)
	at com.sun.corba.se.impl.protocol.CorbaMessageMediatorImpl.convertThrowableToSystemException(CorbaMessageMediatorImpl.java:1938)
	at com.sun.corba.se.impl.protocol.CorbaMessageMediatorImpl.handleThrowableDuringServerDispatch(CorbaMessageMediatorImpl.java:1888)
	at com.sun.corba.se.impl.protocol.CorbaMessageMediatorImpl.handleThrowableDuringServerDispatch(CorbaMessageMediatorImpl.java:1841)
	at com.sun.corba.se.impl.protocol.CorbaServerRequestDispatcherImpl.dispatch(CorbaServerRequestDispatcherImpl.java:274)
	at com.sun.corba.se.impl.protocol.CorbaMessageMediatorImpl.handleRequestRequest(CorbaMessageMediatorImpl.java:1700)
	at com.sun.corba.se.impl.protocol.CorbaMessageMediatorImpl.handleRequest(CorbaMessageMediatorImpl.java:1558)
	at com.sun.corba.se.impl.protocol.CorbaMessageMediatorImpl.handleInput(CorbaMessageMediatorImpl.java:940)
	at com.sun.corba.se.impl.protocol.giopmsgheaders.RequestMessage_1_2.callback(RequestMessage_1_2.java:198)
	at com.sun.corba.se.impl.protocol.CorbaMessageMediatorImpl.handleRequest(CorbaMessageMediatorImpl.java:712)
	at com.sun.corba.se.impl.transport.SocketOrChannelConnectionImpl.dispatch(SocketOrChannelConnectionImpl.java:469)
	at com.sun.corba.se.impl.transport.SocketOrChannelConnectionImpl.doWork(SocketOrChannelConnectionImpl.java:1230)
	at com.sun.corba.se.impl.orbutil.threadpool.ThreadPoolImpl$WorkerThread.performWork(ThreadPoolImpl.java:490)
	at com.sun.corba.se.impl.orbutil.threadpool.ThreadPoolImpl$WorkerThread.run(ThreadPoolImpl.java:519)
Caused by: java.lang.IllegalArgumentException: You have attempted to set a parameter value using a name of game that does not exist in the query string SELECT p FROM Players p WHERE p.name = :name.
	at org.eclipse.persistence.internal.jpa.EJBQueryImpl.setParameterInternal(EJBQueryImpl.java:1253)
	at org.eclipse.persistence.internal.jpa.EJBQueryImpl.setParameter(EJBQueryImpl.java:1135)
	at org.eclipse.persistence.internal.jpa.EJBQueryImpl.setParameter(EJBQueryImpl.java:81)
	at corbaobjects.PlayerImpl.recordMove(PlayerImpl.java:265)
	at Aphorism.PlayerPOA._invoke(Unknown Source)
	at com.sun.corba.se.impl.protocol.CorbaServerRequestDispatcherImpl.dispatchToServant(CorbaServerRequestDispatcherImpl.java:653)
	at com.sun.corba.se.impl.protocol.CorbaServerRequestDispatcherImpl.dispatch(CorbaServerRequestDispatcherImpl.java:205)
	... 9 more

Sep 20, 2013 3:08:09 AM com.sun.corba.se.impl.protocol.CorbaMessageMediatorImpl convertThrowableToSystemException
WARNING: "IOP00010202: (UNKNOWN) Unknown user exception thrown by the server"
org.omg.CORBA.UNKNOWN:   vmcid: SUN  minor code: 202 completed: Maybe
	at com.sun.corba.se.impl.logging.ORBUtilSystemException.runtimeexception(ORBUtilSystemException.java:8869)
	at com.sun.corba.se.impl.protocol.CorbaMessageMediatorImpl.convertThrowableToSystemException(CorbaMessageMediatorImpl.java:1938)
	at com.sun.corba.se.impl.protocol.CorbaMessageMediatorImpl.handleThrowableDuringServerDispatch(CorbaMessageMediatorImpl.java:1888)
	at com.sun.corba.se.impl.protocol.CorbaMessageMediatorImpl.handleThrowableDuringServerDispatch(CorbaMessageMediatorImpl.java:1841)
	at com.sun.corba.se.impl.protocol.CorbaServerRequestDispatcherImpl.dispatch(CorbaServerRequestDispatcherImpl.java:274)
	at com.sun.corba.se.impl.protocol.CorbaMessageMediatorImpl.handleRequestRequest(CorbaMessageMediatorImpl.java:1700)
	at com.sun.corba.se.impl.protocol.CorbaMessageMediatorImpl.handleRequest(CorbaMessageMediatorImpl.java:1558)
	at com.sun.corba.se.impl.protocol.CorbaMessageMediatorImpl.handleInput(CorbaMessageMediatorImpl.java:940)
	at com.sun.corba.se.impl.protocol.giopmsgheaders.RequestMessage_1_2.callback(RequestMessage_1_2.java:198)
	at com.sun.corba.se.impl.protocol.CorbaMessageMediatorImpl.handleRequest(CorbaMessageMediatorImpl.java:712)
	at com.sun.corba.se.impl.transport.SocketOrChannelConnectionImpl.dispatch(SocketOrChannelConnectionImpl.java:469)
	at com.sun.corba.se.impl.transport.SocketOrChannelConnectionImpl.doWork(SocketOrChannelConnectionImpl.java:1230)
	at com.sun.corba.se.impl.orbutil.threadpool.ThreadPoolImpl$WorkerThread.performWork(ThreadPoolImpl.java:490)
	at com.sun.corba.se.impl.orbutil.threadpool.ThreadPoolImpl$WorkerThread.run(ThreadPoolImpl.java:519)
Caused by: java.lang.IllegalArgumentException: You have attempted to set a parameter value using a name of currentmove that does not exist in the query string SELECT p FROM Players p WHERE p.name = :name.
	at org.eclipse.persistence.internal.jpa.EJBQueryImpl.setParameterInternal(EJBQueryImpl.java:1253)
	at org.eclipse.persistence.internal.jpa.EJBQueryImpl.setParameter(EJBQueryImpl.java:1135)
	at org.eclipse.persistence.internal.jpa.EJBQueryImpl.setParameter(EJBQueryImpl.java:81)
	at corbaobjects.PlayerImpl.recordMove(PlayerImpl.java:265)
	at Aphorism.PlayerPOA._invoke(Unknown Source)
	at com.sun.corba.se.impl.protocol.CorbaServerRequestDispatcherImpl.dispatchToServant(CorbaServerRequestDispatcherImpl.java:653)
	at com.sun.corba.se.impl.protocol.CorbaServerRequestDispatcherImpl.dispatch(CorbaServerRequestDispatcherImpl.java:205)
	... 9 more

